==========================================
SLURM_JOB_ID = 3044636
SLURM_JOB_NODELIST = c03-01
TMPDIR = /tmp/SLURM_3044636
==========================================
08:23:20  INFO  Device: cuda:0  |  Folds: [0, 1, 2, 3]  |  Run: HFF_strong_neg0p5_H1hESC_weak_neg0p2
08:23:20  INFO  Strong boundary (-0.5) → HFF
08:23:20  INFO  Weak   boundary (-0.2)  → H1hESC
08:23:20  INFO  Target tag: HFF_strong_neg0p5_H1hESC_weak_neg0p2
08:23:20  INFO  Ledidi params — L=0.01  tau=1.0  eps=0.0001
08:23:20  INFO  HFF model 0 loaded
08:23:20  INFO  HFF model 1 loaded
08:23:21  INFO  H1hESC model 0 loaded
08:23:21  INFO  H1hESC model 1 loaded
08:23:21  INFO  ============================================================
08:23:21  INFO  Fold 0
08:23:21  INFO  ============================================================
08:23:21  INFO  Loaded 25 windows from /project2/fudenber_735/smaruj/sequence_design/ledidi_semifreddo_akita/analysis/flat_regions/human_flat_regions_tsv/fold0_selected_genomic_windows_centered.tsv
08:23:21  INFO    [1/25]
08:23:21  INFO    Window: chr1_3553280_4864000
/home1/smaruj/miniconda3/envs/pytorch_hic/lib/python3.10/site-packages/torch/nn/modules/conv.py:306: UserWarning: Applied workaround for CuDNN issue, install nvrtc.so (Triggered internally at ../aten/src/ATen/native/cudnn/Conv_v8.cpp:84.)
  return F.conv1d(input, weight, bias, self.stride,
08:32:46  INFO      Edits: 736  |  Last accepted step: 1990
08:32:46  INFO      Saved → /project2/fudenber_735/smaruj/sequence_design/ledidi_semifreddo_akita/optimizations/cross_celltype_boundaries/HFF_strong_neg0p5_H1hESC_weak_neg0p2/fold0/chr1_3553280_4864000_gen_seq.pt
08:32:46  INFO    [2/25]
08:32:46  INFO    Window: chr1_29253632_30564352
08:42:11  INFO      Edits: 685  |  Last accepted step: 1985
08:42:11  INFO      Saved → /project2/fudenber_735/smaruj/sequence_design/ledidi_semifreddo_akita/optimizations/cross_celltype_boundaries/HFF_strong_neg0p5_H1hESC_weak_neg0p2/fold0/chr1_29253632_30564352_gen_seq.pt
08:42:11  INFO    [3/25]
08:42:11  INFO    Window: chr1_36214784_37525504
08:51:36  INFO      Edits: 751  |  Last accepted step: 1989
08:51:36  INFO      Saved → /project2/fudenber_735/smaruj/sequence_design/ledidi_semifreddo_akita/optimizations/cross_celltype_boundaries/HFF_strong_neg0p5_H1hESC_weak_neg0p2/fold0/chr1_36214784_37525504_gen_seq.pt
08:51:36  INFO    [4/25]
08:51:36  INFO    Window: chr1_89696256_91006976
09:01:00  INFO      Edits: 765  |  Last accepted step: 1955
09:01:00  INFO      Saved → /project2/fudenber_735/smaruj/sequence_design/ledidi_semifreddo_akita/optimizations/cross_celltype_boundaries/HFF_strong_neg0p5_H1hESC_weak_neg0p2/fold0/chr1_89696256_91006976_gen_seq.pt
09:01:00  INFO    [5/25]
09:01:00  INFO    Window: chr1_101206016_102516736
09:10:25  INFO      Edits: 775  |  Last accepted step: 1992
09:10:25  INFO      Saved → /project2/fudenber_735/smaruj/sequence_design/ledidi_semifreddo_akita/optimizations/cross_celltype_boundaries/HFF_strong_neg0p5_H1hESC_weak_neg0p2/fold0/chr1_101206016_102516736_gen_seq.pt
09:10:25  INFO    [6/25]
09:10:25  INFO    Window: chr13_36771840_38082560
09:19:49  INFO      Edits: 727  |  Last accepted step: 1990
09:19:49  INFO      Saved → /project2/fudenber_735/smaruj/sequence_design/ledidi_semifreddo_akita/optimizations/cross_celltype_boundaries/HFF_strong_neg0p5_H1hESC_weak_neg0p2/fold0/chr13_36771840_38082560_gen_seq.pt
09:19:49  INFO    [7/25]
09:19:49  INFO    Window: chr13_37423104_38733824
09:29:13  INFO      Edits: 622  |  Last accepted step: 1989
09:29:13  INFO      Saved → /project2/fudenber_735/smaruj/sequence_design/ledidi_semifreddo_akita/optimizations/cross_celltype_boundaries/HFF_strong_neg0p5_H1hESC_weak_neg0p2/fold0/chr13_37423104_38733824_gen_seq.pt
09:29:13  INFO    [8/25]
09:29:13  INFO    Window: chr13_39626752_40937472
09:38:38  INFO      Edits: 558  |  Last accepted step: 1979
09:38:38  INFO      Saved → /project2/fudenber_735/smaruj/sequence_design/ledidi_semifreddo_akita/optimizations/cross_celltype_boundaries/HFF_strong_neg0p5_H1hESC_weak_neg0p2/fold0/chr13_39626752_40937472_gen_seq.pt
09:38:38  INFO    [9/25]
09:38:38  INFO    Window: chr4_18296832_19607552
09:48:02  INFO      Edits: 803  |  Last accepted step: 1994
09:48:02  INFO      Saved → /project2/fudenber_735/smaruj/sequence_design/ledidi_semifreddo_akita/optimizations/cross_celltype_boundaries/HFF_strong_neg0p5_H1hESC_weak_neg0p2/fold0/chr4_18296832_19607552_gen_seq.pt
09:48:02  INFO    [10/25]
09:48:02  INFO    Window: chr4_23480320_24791040
09:57:27  INFO      Edits: 659  |  Last accepted step: 1987
09:57:27  INFO      Saved → /project2/fudenber_735/smaruj/sequence_design/ledidi_semifreddo_akita/optimizations/cross_celltype_boundaries/HFF_strong_neg0p5_H1hESC_weak_neg0p2/fold0/chr4_23480320_24791040_gen_seq.pt
09:57:27  INFO    [11/25]
09:57:27  INFO    Window: chr4_26687488_27998208
10:06:53  INFO      Edits: 765  |  Last accepted step: 1998
10:06:53  INFO      Saved → /project2/fudenber_735/smaruj/sequence_design/ledidi_semifreddo_akita/optimizations/cross_celltype_boundaries/HFF_strong_neg0p5_H1hESC_weak_neg0p2/fold0/chr4_26687488_27998208_gen_seq.pt
10:06:53  INFO    [12/25]
10:06:53  INFO    Window: chr4_36298752_37609472
10:16:18  INFO      Edits: 675  |  Last accepted step: 1977
10:16:18  INFO      Saved → /project2/fudenber_735/smaruj/sequence_design/ledidi_semifreddo_akita/optimizations/cross_celltype_boundaries/HFF_strong_neg0p5_H1hESC_weak_neg0p2/fold0/chr4_36298752_37609472_gen_seq.pt
10:16:18  INFO    [13/25]
10:16:18  INFO    Window: chr4_44544000_45854720
10:25:43  INFO      Edits: 639  |  Last accepted step: 1983
10:25:43  INFO      Saved → /project2/fudenber_735/smaruj/sequence_design/ledidi_semifreddo_akita/optimizations/cross_celltype_boundaries/HFF_strong_neg0p5_H1hESC_weak_neg0p2/fold0/chr4_44544000_45854720_gen_seq.pt
10:25:43  INFO    [14/25]
10:25:43  INFO    Window: chr4_66222080_67532800
10:35:08  INFO      Edits: 650  |  Last accepted step: 1992
10:35:08  INFO      Saved → /project2/fudenber_735/smaruj/sequence_design/ledidi_semifreddo_akita/optimizations/cross_celltype_boundaries/HFF_strong_neg0p5_H1hESC_weak_neg0p2/fold0/chr4_66222080_67532800_gen_seq.pt
10:35:08  INFO    [15/25]
10:35:08  INFO    Window: chr4_71444480_72755200
10:44:33  INFO      Edits: 691  |  Last accepted step: 1986
10:44:33  INFO      Saved → /project2/fudenber_735/smaruj/sequence_design/ledidi_semifreddo_akita/optimizations/cross_celltype_boundaries/HFF_strong_neg0p5_H1hESC_weak_neg0p2/fold0/chr4_71444480_72755200_gen_seq.pt
10:44:33  INFO    [16/25]
10:44:33  INFO    Window: chr4_74457088_75767808
10:53:58  INFO      Edits: 803  |  Last accepted step: 1983
10:53:58  INFO      Saved → /project2/fudenber_735/smaruj/sequence_design/ledidi_semifreddo_akita/optimizations/cross_celltype_boundaries/HFF_strong_neg0p5_H1hESC_weak_neg0p2/fold0/chr4_74457088_75767808_gen_seq.pt
10:53:58  INFO    [17/25]
10:53:58  INFO    Window: chr4_77688832_78999552
11:03:23  INFO      Edits: 467  |  Last accepted step: 1997
11:03:23  INFO      Saved → /project2/fudenber_735/smaruj/sequence_design/ledidi_semifreddo_akita/optimizations/cross_celltype_boundaries/HFF_strong_neg0p5_H1hESC_weak_neg0p2/fold0/chr4_77688832_78999552_gen_seq.pt
11:03:23  INFO    [18/25]
11:03:23  INFO    Window: chr4_80152576_81463296
11:12:48  INFO      Edits: 690  |  Last accepted step: 1993
11:12:48  INFO      Saved → /project2/fudenber_735/smaruj/sequence_design/ledidi_semifreddo_akita/optimizations/cross_celltype_boundaries/HFF_strong_neg0p5_H1hESC_weak_neg0p2/fold0/chr4_80152576_81463296_gen_seq.pt
11:12:48  INFO    [19/25]
11:12:48  INFO    Window: chr4_83329024_84639744
11:22:13  INFO      Edits: 735  |  Last accepted step: 1982
11:22:13  INFO      Saved → /project2/fudenber_735/smaruj/sequence_design/ledidi_semifreddo_akita/optimizations/cross_celltype_boundaries/HFF_strong_neg0p5_H1hESC_weak_neg0p2/fold0/chr4_83329024_84639744_gen_seq.pt
11:22:13  INFO    [20/25]
11:22:13  INFO    Window: chr4_101376000_102686720
11:31:38  INFO      Edits: 692  |  Last accepted step: 1986
11:31:38  INFO      Saved → /project2/fudenber_735/smaruj/sequence_design/ledidi_semifreddo_akita/optimizations/cross_celltype_boundaries/HFF_strong_neg0p5_H1hESC_weak_neg0p2/fold0/chr4_101376000_102686720_gen_seq.pt
11:31:38  INFO    [21/25]
11:31:38  INFO    Window: chr4_108431360_109742080
11:41:03  INFO      Edits: 763  |  Last accepted step: 1995
11:41:03  INFO      Saved → /project2/fudenber_735/smaruj/sequence_design/ledidi_semifreddo_akita/optimizations/cross_celltype_boundaries/HFF_strong_neg0p5_H1hESC_weak_neg0p2/fold0/chr4_108431360_109742080_gen_seq.pt
11:41:03  INFO    [22/25]
11:41:03  INFO    Window: chr4_113520640_114831360
11:50:28  INFO      Edits: 578  |  Last accepted step: 1992
11:50:28  INFO      Saved → /project2/fudenber_735/smaruj/sequence_design/ledidi_semifreddo_akita/optimizations/cross_celltype_boundaries/HFF_strong_neg0p5_H1hESC_weak_neg0p2/fold0/chr4_113520640_114831360_gen_seq.pt
11:50:28  INFO    [23/25]
11:50:28  INFO    Window: chr4_123285504_124596224
11:59:53  INFO      Edits: 669  |  Last accepted step: 1994
11:59:53  INFO      Saved → /project2/fudenber_735/smaruj/sequence_design/ledidi_semifreddo_akita/optimizations/cross_celltype_boundaries/HFF_strong_neg0p5_H1hESC_weak_neg0p2/fold0/chr4_123285504_124596224_gen_seq.pt
11:59:53  INFO    [24/25]
11:59:53  INFO    Window: chr4_124317696_125628416
12:09:18  INFO      Edits: 554  |  Last accepted step: 1992
12:09:18  INFO      Saved → /project2/fudenber_735/smaruj/sequence_design/ledidi_semifreddo_akita/optimizations/cross_celltype_boundaries/HFF_strong_neg0p5_H1hESC_weak_neg0p2/fold0/chr4_124317696_125628416_gen_seq.pt
12:09:18  INFO    [25/25]
12:09:18  INFO    Window: chrX_117092352_118403072
12:18:44  INFO      Edits: 538  |  Last accepted step: 1986
12:18:44  INFO      Saved → /project2/fudenber_735/smaruj/sequence_design/ledidi_semifreddo_akita/optimizations/cross_celltype_boundaries/HFF_strong_neg0p5_H1hESC_weak_neg0p2/fold0/chrX_117092352_118403072_gen_seq.pt
12:18:44  INFO  Saved enriched table → /project2/fudenber_735/smaruj/sequence_design/ledidi_semifreddo_akita/optimizations/cross_celltype_boundaries/HFF_strong_neg0p5_H1hESC_weak_neg0p2/fold0_selected_genomic_windows_centered_opt.tsv
12:18:44  INFO  ============================================================
12:18:44  INFO  Fold 1
12:18:44  INFO  ============================================================
12:18:44  INFO  Loaded 49 windows from /project2/fudenber_735/smaruj/sequence_design/ledidi_semifreddo_akita/analysis/flat_regions/human_flat_regions_tsv/fold1_selected_genomic_windows_centered.tsv
12:18:44  INFO    [1/49]
12:18:44  INFO    Window: chr1_158167040_159477760
