==========================================
SLURM_JOB_ID = 3044253
SLURM_JOB_NODELIST = c03-01
TMPDIR = /tmp/SLURM_3044253
==========================================
08:07:52  INFO  Device: cuda:0  |  Folds: [0, 1, 2, 3]  |  Run: HFF_strong_neg0p5_H1hESC_weak_neg0p2
08:07:52  INFO  Strong boundary (-0.5) → HFF
08:07:52  INFO  Weak   boundary (-0.2)  → H1hESC
08:07:52  INFO  Target tag: HFF_strong_neg0p5_H1hESC_weak_neg0p2
08:07:52  INFO  Ledidi params — L=0.01  tau=1.0  eps=0.0001
08:07:53  INFO  HFF model 0 loaded
08:07:53  INFO  HFF model 1 loaded
08:07:53  INFO  H1hESC model 0 loaded
08:07:53  INFO  H1hESC model 1 loaded
08:07:53  INFO  ============================================================
08:07:53  INFO  Fold 0
08:07:53  INFO  ============================================================
08:07:53  INFO  Loaded 25 windows from /project2/fudenber_735/smaruj/sequence_design/ledidi_semifreddo_akita/analysis/flat_regions/human_flat_regions_tsv/fold0_selected_genomic_windows_centered.tsv
08:07:53  INFO    [1/25]
08:07:53  INFO    Window: chr1_3553280_4864000
/home1/smaruj/miniconda3/envs/pytorch_hic/lib/python3.10/site-packages/torch/nn/modules/conv.py:306: UserWarning: Applied workaround for CuDNN issue, install nvrtc.so (Triggered internally at ../aten/src/ATen/native/cudnn/Conv_v8.cpp:84.)
  return F.conv1d(input, weight, bias, self.stride,
[2026-03-26T08:09:35.309] error: *** JOB 3044253 ON c03-01 CANCELLED AT 2026-03-26T08:09:35 DUE to SIGNAL Terminated ***
