==========================================
SLURM_JOB_ID = 3044148
SLURM_JOB_NODELIST = b23-15
TMPDIR = /tmp/SLURM_3044148
==========================================
18:39:14  INFO  Device: cuda:0  |  Folds: [0, 1, 2, 3]  |  Run: H1hESC_strong_neg0p5_HFF_weak_neg0p2
18:39:14  INFO  Strong boundary (-0.5) → H1hESC
18:39:14  INFO  Weak   boundary (-0.2)  → HFF
18:39:14  INFO  Target tag: H1hESC_strong_neg0p5_HFF_weak_neg0p2
18:39:14  INFO  Ledidi params — L=0.01  tau=1.0  eps=0.0001
18:39:14  INFO  H1hESC model 0 loaded
18:39:14  INFO  H1hESC model 1 loaded
18:39:14  INFO  HFF model 0 loaded
18:39:14  INFO  HFF model 1 loaded
18:39:14  INFO  ============================================================
18:39:14  INFO  Fold 0
18:39:14  INFO  ============================================================
Traceback (most recent call last):
  File "/home1/smaruj/ledidi_akita/optimizations/cross_celltype_boundaries/generation/run_cross_celltype_boundary_design.py", line 270, in <module>
    main()
  File "/home1/smaruj/ledidi_akita/optimizations/cross_celltype_boundaries/generation/run_cross_celltype_boundary_design.py", line 264, in main
    run_fold(fold, args, run_one_fn, args.flat_regions_base, args.results_base_dir)
  File "/home1/smaruj/ledidi_akita/utils/optimization_loop_utils.py", line 223, in run_fold
    df = pd.read_csv(tsv_path, sep="\t")
  File "/home1/smaruj/miniconda3/envs/pytorch_hic/lib/python3.10/site-packages/pandas/io/parsers/readers.py", line 1026, in read_csv
    return _read(filepath_or_buffer, kwds)
  File "/home1/smaruj/miniconda3/envs/pytorch_hic/lib/python3.10/site-packages/pandas/io/parsers/readers.py", line 620, in _read
    parser = TextFileReader(filepath_or_buffer, **kwds)
  File "/home1/smaruj/miniconda3/envs/pytorch_hic/lib/python3.10/site-packages/pandas/io/parsers/readers.py", line 1620, in __init__
    self._engine = self._make_engine(f, self.engine)
  File "/home1/smaruj/miniconda3/envs/pytorch_hic/lib/python3.10/site-packages/pandas/io/parsers/readers.py", line 1880, in _make_engine
    self.handles = get_handle(
  File "/home1/smaruj/miniconda3/envs/pytorch_hic/lib/python3.10/site-packages/pandas/io/common.py", line 873, in get_handle
    handle = open(
FileNotFoundError: [Errno 2] No such file or directory: '/project2/fudenber_735/smaruj/sequence_design/ledidi_semifreddo_akita/analysis/flat_regions/human_flat_regions_tsv/fold0_selected_genomic_windows_centered_chrom_states.tsv'
