==========================================
SLURM_JOB_ID = 3044637
SLURM_JOB_NODELIST = b23-17
TMPDIR = /tmp/SLURM_3044637
==========================================
10:07:37  INFO  Device: cuda:0  |  Folds: [4, 5, 6, 7]  |  Run: HFF_strong_neg0p5_H1hESC_weak_neg0p2
10:07:37  INFO  Strong boundary (-0.5) → HFF
10:07:37  INFO  Weak   boundary (-0.2)  → H1hESC
10:07:37  INFO  Target tag: HFF_strong_neg0p5_H1hESC_weak_neg0p2
10:07:37  INFO  Ledidi params — L=0.01  tau=1.0  eps=0.0001
10:07:38  INFO  HFF model 0 loaded
10:07:39  INFO  HFF model 1 loaded
10:07:40  INFO  H1hESC model 0 loaded
10:07:41  INFO  H1hESC model 1 loaded
10:07:41  INFO  ============================================================
10:07:41  INFO  Fold 4
10:07:41  INFO  ============================================================
10:07:41  INFO  Loaded 46 windows from /project2/fudenber_735/smaruj/sequence_design/ledidi_semifreddo_akita/analysis/flat_regions/human_flat_regions_tsv/fold4_selected_genomic_windows_centered.tsv
10:07:41  INFO    [1/46]
10:07:41  INFO    Window: chr12_40986624_42297344
/home1/smaruj/miniconda3/envs/pytorch_hic/lib/python3.10/site-packages/torch/nn/modules/conv.py:306: UserWarning: Applied workaround for CuDNN issue, install nvrtc.so (Triggered internally at ../aten/src/ATen/native/cudnn/Conv_v8.cpp:84.)
  return F.conv1d(input, weight, bias, self.stride,
10:17:06  INFO      Edits: 735  |  Last accepted step: 1982
10:17:06  INFO      Saved → /project2/fudenber_735/smaruj/sequence_design/ledidi_semifreddo_akita/optimizations/cross_celltype_boundaries/HFF_strong_neg0p5_H1hESC_weak_neg0p2/fold4/chr12_40986624_42297344_gen_seq.pt
10:17:06  INFO    [2/46]
10:17:06  INFO    Window: chr12_42436608_43747328
10:26:31  INFO      Edits: 572  |  Last accepted step: 1991
10:26:31  INFO      Saved → /project2/fudenber_735/smaruj/sequence_design/ledidi_semifreddo_akita/optimizations/cross_celltype_boundaries/HFF_strong_neg0p5_H1hESC_weak_neg0p2/fold4/chr12_42436608_43747328_gen_seq.pt
10:26:31  INFO    [3/46]
10:26:31  INFO    Window: chr12_43886592_45197312
10:35:55  INFO      Edits: 572  |  Last accepted step: 1982
10:35:55  INFO      Saved → /project2/fudenber_735/smaruj/sequence_design/ledidi_semifreddo_akita/optimizations/cross_celltype_boundaries/HFF_strong_neg0p5_H1hESC_weak_neg0p2/fold4/chr12_43886592_45197312_gen_seq.pt
10:35:55  INFO    [4/46]
10:35:55  INFO    Window: chr12_70371328_71682048
10:45:19  INFO      Edits: 640  |  Last accepted step: 1989
10:45:19  INFO      Saved → /project2/fudenber_735/smaruj/sequence_design/ledidi_semifreddo_akita/optimizations/cross_celltype_boundaries/HFF_strong_neg0p5_H1hESC_weak_neg0p2/fold4/chr12_70371328_71682048_gen_seq.pt
10:45:19  INFO    [5/46]
10:45:19  INFO    Window: chr12_74225664_75536384
10:54:43  INFO      Edits: 810  |  Last accepted step: 1994
10:54:43  INFO      Saved → /project2/fudenber_735/smaruj/sequence_design/ledidi_semifreddo_akita/optimizations/cross_celltype_boundaries/HFF_strong_neg0p5_H1hESC_weak_neg0p2/fold4/chr12_74225664_75536384_gen_seq.pt
10:54:43  INFO    [6/46]
10:54:43  INFO    Window: chr12_78012416_79323136
11:04:07  INFO      Edits: 559  |  Last accepted step: 1991
11:04:07  INFO      Saved → /project2/fudenber_735/smaruj/sequence_design/ledidi_semifreddo_akita/optimizations/cross_celltype_boundaries/HFF_strong_neg0p5_H1hESC_weak_neg0p2/fold4/chr12_78012416_79323136_gen_seq.pt
11:04:07  INFO    [7/46]
11:04:07  INFO    Window: chr12_81184768_82495488
11:13:31  INFO      Edits: 548  |  Last accepted step: 1972
11:13:31  INFO      Saved → /project2/fudenber_735/smaruj/sequence_design/ledidi_semifreddo_akita/optimizations/cross_celltype_boundaries/HFF_strong_neg0p5_H1hESC_weak_neg0p2/fold4/chr12_81184768_82495488_gen_seq.pt
11:13:31  INFO    [8/46]
11:13:31  INFO    Window: chr12_84987904_86298624
11:22:55  INFO      Edits: 798  |  Last accepted step: 1987
11:22:55  INFO      Saved → /project2/fudenber_735/smaruj/sequence_design/ledidi_semifreddo_akita/optimizations/cross_celltype_boundaries/HFF_strong_neg0p5_H1hESC_weak_neg0p2/fold4/chr12_84987904_86298624_gen_seq.pt
11:22:55  INFO    [9/46]
11:22:55  INFO    Window: chr12_88170496_89481216
11:32:19  INFO      Edits: 716  |  Last accepted step: 1992
11:32:19  INFO      Saved → /project2/fudenber_735/smaruj/sequence_design/ledidi_semifreddo_akita/optimizations/cross_celltype_boundaries/HFF_strong_neg0p5_H1hESC_weak_neg0p2/fold4/chr12_88170496_89481216_gen_seq.pt
11:32:19  INFO    [10/46]
11:32:19  INFO    Window: chr12_89856000_91166720
11:41:43  INFO      Edits: 629  |  Last accepted step: 1996
11:41:43  INFO      Saved → /project2/fudenber_735/smaruj/sequence_design/ledidi_semifreddo_akita/optimizations/cross_celltype_boundaries/HFF_strong_neg0p5_H1hESC_weak_neg0p2/fold4/chr12_89856000_91166720_gen_seq.pt
11:41:43  INFO    [11/46]
11:41:43  INFO    Window: chr12_96739328_98050048
11:51:07  INFO      Edits: 480  |  Last accepted step: 1996
11:51:07  INFO      Saved → /project2/fudenber_735/smaruj/sequence_design/ledidi_semifreddo_akita/optimizations/cross_celltype_boundaries/HFF_strong_neg0p5_H1hESC_weak_neg0p2/fold4/chr12_96739328_98050048_gen_seq.pt
11:51:07  INFO    [12/46]
11:51:07  INFO    Window: chr12_97495040_98805760
12:00:31  INFO      Edits: 620  |  Last accepted step: 1988
12:00:31  INFO      Saved → /project2/fudenber_735/smaruj/sequence_design/ledidi_semifreddo_akita/optimizations/cross_celltype_boundaries/HFF_strong_neg0p5_H1hESC_weak_neg0p2/fold4/chr12_97495040_98805760_gen_seq.pt
12:00:31  INFO    [13/46]
12:00:31  INFO    Window: chr12_98572288_99883008
12:09:55  INFO      Edits: 692  |  Last accepted step: 1980
12:09:55  INFO      Saved → /project2/fudenber_735/smaruj/sequence_design/ledidi_semifreddo_akita/optimizations/cross_celltype_boundaries/HFF_strong_neg0p5_H1hESC_weak_neg0p2/fold4/chr12_98572288_99883008_gen_seq.pt
12:09:55  INFO    [14/46]
12:09:55  INFO    Window: chr12_102510592_103821312
12:19:19  INFO      Edits: 774  |  Last accepted step: 1988
12:19:19  INFO      Saved → /project2/fudenber_735/smaruj/sequence_design/ledidi_semifreddo_akita/optimizations/cross_celltype_boundaries/HFF_strong_neg0p5_H1hESC_weak_neg0p2/fold4/chr12_102510592_103821312_gen_seq.pt
12:19:19  INFO    [15/46]
12:19:19  INFO    Window: chr13_42768384_44079104
