==========================================
SLURM_JOB_ID = 1062269
SLURM_JOB_NODELIST = b23-19
TMPDIR = /tmp/SLURM_1062269
==========================================
/home1/smaruj/ledidi_akita/genomic_dots_generation/run_dots_generation.py:46: FutureWarning: You are using `torch.load` with `weights_only=False` (the current default value), which uses the default pickle module implicitly. It is possible to construct malicious pickle data which will execute arbitrary code during unpickling (See https://github.com/pytorch/pytorch/blob/main/SECURITY.md#untrusted-models for more details). In a future release, the default value for `weights_only` will be flipped to `True`. This limits the functions that could be executed during unpickling. Arbitrary objects will no longer be allowed to be loaded via this mode unless they are explicitly allowlisted by the user via `torch.serialization.add_safe_globals`. We recommend you start setting `weights_only=True` for any use case where you don't have full control of the loaded file. Please open an issue on GitHub for any issues related to this experimental feature.
  model.load_state_dict(torch.load(args.model_path, map_location=device))
Dots generation for genome location: chr1:37799936-39110656
Model in train mode: False
Gradients enabled for weights - slice 0: True
Weights shape - slice 0: torch.Size([1, 4, 2048])
Gradients enabled for weights - slice 1: True
Weights shape - slice 1: torch.Size([1, 4, 2048])
Local loss applied.
iter=I	input_loss=0.0	output_loss=6.492e+04	total_loss=6.492e+04	time=0.0
iter=100	input_loss=920.0	output_loss=9.737e+03	total_loss=9.829e+03	time=15.35
iter=200	input_loss=909.0	output_loss=8.954e+03	total_loss=9.045e+03	time=15.24
iter=300	input_loss=894.0	output_loss=8.522e+03	total_loss=8.612e+03	time=15.25
iter=400	input_loss=908.0	output_loss=8.169e+03	total_loss=8.26e+03	time=15.26
iter=500	input_loss=950.0	output_loss=7.788e+03	total_loss=7.883e+03	time=15.23
iter=600	input_loss=973.0	output_loss=8.163e+03	total_loss=8.26e+03	time=15.23
iter=700	input_loss=1.02e+03	output_loss=8.224e+03	total_loss=8.326e+03	time=15.23
iter=800	input_loss=1.033e+03	output_loss=7.758e+03	total_loss=7.861e+03	time=15.23
iter=900	input_loss=1.04e+03	output_loss=7.858e+03	total_loss=7.962e+03	time=15.23
iter=1000	input_loss=1.063e+03	output_loss=7.813e+03	total_loss=7.919e+03	time=15.23
iter=1100	input_loss=1.075e+03	output_loss=9.472e+03	total_loss=9.58e+03	time=15.23
iter=1200	input_loss=1.133e+03	output_loss=7.676e+03	total_loss=7.79e+03	time=15.24
iter=1300	input_loss=1.114e+03	output_loss=7.776e+03	total_loss=7.887e+03	time=15.23
iter=F	input_loss=1.08e+03	output_loss=7.202e+03	total_loss=7.31e+03	time=211.6
Last iteration with update:  1088
Dots generation for genome location: chr11:65677312-66988032
Model in train mode: False
Gradients enabled for weights - slice 0: True
Weights shape - slice 0: torch.Size([1, 4, 2048])
Gradients enabled for weights - slice 1: True
Weights shape - slice 1: torch.Size([1, 4, 2048])
Local loss applied.
iter=I	input_loss=0.0	output_loss=6.54e+04	total_loss=6.54e+04	time=0.0
iter=100	input_loss=958.0	output_loss=1.611e+04	total_loss=1.62e+04	time=15.25
iter=200	input_loss=1.31e+03	output_loss=4.329e+03	total_loss=4.46e+03	time=15.25
iter=300	input_loss=1.379e+03	output_loss=3.181e+03	total_loss=3.319e+03	time=15.25
iter=400	input_loss=1.399e+03	output_loss=3.194e+03	total_loss=3.334e+03	time=15.25
iter=500	input_loss=1.415e+03	output_loss=2.729e+03	total_loss=2.871e+03	time=15.24
iter=600	input_loss=1.432e+03	output_loss=3.106e+03	total_loss=3.249e+03	time=15.24
iter=700	input_loss=1.435e+03	output_loss=2.583e+03	total_loss=2.727e+03	time=15.24
iter=800	input_loss=1.435e+03	output_loss=2.538e+03	total_loss=2.682e+03	time=15.24
iter=900	input_loss=1.432e+03	output_loss=2.599e+03	total_loss=2.742e+03	time=15.23
iter=1000	input_loss=1.437e+03	output_loss=2.984e+03	total_loss=3.128e+03	time=15.23
iter=1100	input_loss=1.438e+03	output_loss=2.41e+03	total_loss=2.554e+03	time=15.23
iter=1200	input_loss=1.447e+03	output_loss=2.418e+03	total_loss=2.562e+03	time=15.23
iter=1300	input_loss=1.458e+03	output_loss=2.366e+03	total_loss=2.512e+03	time=15.25
iter=1400	input_loss=1.464e+03	output_loss=2.315e+03	total_loss=2.462e+03	time=16.89
iter=1500	input_loss=1.433e+03	output_loss=2.321e+03	total_loss=2.465e+03	time=18.94
iter=1600	input_loss=1.413e+03	output_loss=2.295e+03	total_loss=2.436e+03	time=15.64
iter=1700	input_loss=1.415e+03	output_loss=2.376e+03	total_loss=2.517e+03	time=15.24
iter=1800	input_loss=1.447e+03	output_loss=2.225e+03	total_loss=2.37e+03	time=15.24
iter=1900	input_loss=1.453e+03	output_loss=2.253e+03	total_loss=2.399e+03	time=15.24
iter=2000	input_loss=1.458e+03	output_loss=2.338e+03	total_loss=2.484e+03	time=15.23
iter=2100	input_loss=1.455e+03	output_loss=2.233e+03	total_loss=2.378e+03	time=15.24
iter=2200	input_loss=1.451e+03	output_loss=2.288e+03	total_loss=2.433e+03	time=15.23
iter=F	input_loss=1.462e+03	output_loss=2.21e+03	total_loss=2.356e+03	time=345.6
Last iteration with update:  1930
Dots generation for genome location: chr3:38524928-39835648
Model in train mode: False
Gradients enabled for weights - slice 0: True
Weights shape - slice 0: torch.Size([1, 4, 2048])
Gradients enabled for weights - slice 1: True
Weights shape - slice 1: torch.Size([1, 4, 2048])
Local loss applied.
iter=I	input_loss=0.0	output_loss=6.502e+04	total_loss=6.502e+04	time=0.0
iter=100	input_loss=1.016e+03	output_loss=2.347e+03	total_loss=2.448e+03	time=15.23
iter=200	input_loss=894.0	output_loss=1.79e+03	total_loss=1.88e+03	time=15.23
iter=300	input_loss=893.0	output_loss=1.371e+03	total_loss=1.461e+03	time=15.22
iter=400	input_loss=943.0	output_loss=1.394e+03	total_loss=1.488e+03	time=15.22
iter=500	input_loss=977.0	output_loss=1.282e+03	total_loss=1.379e+03	time=15.23
iter=600	input_loss=1.011e+03	output_loss=1.297e+03	total_loss=1.398e+03	time=15.23
iter=700	input_loss=1.014e+03	output_loss=1.221e+03	total_loss=1.322e+03	time=15.23
iter=800	input_loss=984.0	output_loss=1.205e+03	total_loss=1.304e+03	time=15.23
iter=900	input_loss=1.014e+03	output_loss=1.302e+03	total_loss=1.404e+03	time=15.23
iter=F	input_loss=1.021e+03	output_loss=1.084e+03	total_loss=1.186e+03	time=140.6
Last iteration with update:  623
Dots generation for genome location: chr3:40724480-42035200
Model in train mode: False
Gradients enabled for weights - slice 0: True
Weights shape - slice 0: torch.Size([1, 4, 2048])
Gradients enabled for weights - slice 1: True
Weights shape - slice 1: torch.Size([1, 4, 2048])
Local loss applied.
iter=I	input_loss=0.0	output_loss=6.539e+04	total_loss=6.539e+04	time=0.0
iter=100	input_loss=895.0	output_loss=1.525e+04	total_loss=1.534e+04	time=15.23
iter=200	input_loss=800.0	output_loss=1.736e+04	total_loss=1.744e+04	time=15.23
iter=300	input_loss=819.0	output_loss=1.418e+04	total_loss=1.426e+04	time=15.23
iter=400	input_loss=907.0	output_loss=1.42e+04	total_loss=1.429e+04	time=15.24
iter=500	input_loss=964.0	output_loss=1.326e+04	total_loss=1.336e+04	time=15.24
iter=600	input_loss=928.0	output_loss=1.136e+04	total_loss=1.145e+04	time=15.23
iter=700	input_loss=859.0	output_loss=8.747e+03	total_loss=8.833e+03	time=15.24
iter=800	input_loss=833.0	output_loss=8.424e+03	total_loss=8.507e+03	time=15.23
iter=900	input_loss=812.0	output_loss=8.4e+03	total_loss=8.481e+03	time=15.23
iter=1000	input_loss=842.0	output_loss=8.683e+03	total_loss=8.767e+03	time=15.23
iter=1100	input_loss=863.0	output_loss=7.888e+03	total_loss=7.975e+03	time=15.23
iter=1200	input_loss=884.0	output_loss=7.747e+03	total_loss=7.835e+03	time=15.24
iter=1300	input_loss=823.0	output_loss=7.524e+03	total_loss=7.606e+03	time=15.23
iter=1400	input_loss=826.0	output_loss=7.376e+03	total_loss=7.458e+03	time=15.24
iter=1500	input_loss=813.0	output_loss=7.316e+03	total_loss=7.397e+03	time=15.23
iter=1600	input_loss=827.0	output_loss=7.447e+03	total_loss=7.529e+03	time=15.23
iter=1700	input_loss=837.0	output_loss=7.443e+03	total_loss=7.527e+03	time=15.23
iter=1800	input_loss=833.0	output_loss=7.389e+03	total_loss=7.472e+03	time=15.23
iter=1900	input_loss=828.0	output_loss=7.207e+03	total_loss=7.29e+03	time=15.23
iter=2000	input_loss=835.0	output_loss=7.215e+03	total_loss=7.299e+03	time=15.24
iter=2100	input_loss=861.0	output_loss=6.986e+03	total_loss=7.072e+03	time=15.23
iter=2200	input_loss=853.0	output_loss=6.87e+03	total_loss=6.955e+03	time=15.24
iter=2300	input_loss=847.0	output_loss=6.748e+03	total_loss=6.832e+03	time=15.24
iter=2400	input_loss=869.0	output_loss=6.811e+03	total_loss=6.898e+03	time=15.23
iter=2500	input_loss=867.0	output_loss=6.673e+03	total_loss=6.76e+03	time=15.24
iter=2600	input_loss=867.0	output_loss=6.599e+03	total_loss=6.686e+03	time=15.23
iter=2700	input_loss=871.0	output_loss=6.665e+03	total_loss=6.752e+03	time=15.23
iter=2800	input_loss=916.0	output_loss=6.87e+03	total_loss=6.962e+03	time=15.23
iter=F	input_loss=864.0	output_loss=6.551e+03	total_loss=6.637e+03	time=430.7
Last iteration with update:  2527
Dots generation for genome location: chr3:51949568-53260288
Model in train mode: False
Gradients enabled for weights - slice 0: True
Weights shape - slice 0: torch.Size([1, 4, 2048])
Gradients enabled for weights - slice 1: True
Weights shape - slice 1: torch.Size([1, 4, 2048])
Local loss applied.
iter=I	input_loss=0.0	output_loss=6.494e+04	total_loss=6.494e+04	time=0.0
iter=100	input_loss=1.143e+03	output_loss=1.02e+04	total_loss=1.031e+04	time=15.23
iter=200	input_loss=967.0	output_loss=9.546e+03	total_loss=9.643e+03	time=15.23
iter=300	input_loss=907.0	output_loss=9.344e+03	total_loss=9.435e+03	time=15.24
iter=400	input_loss=901.0	output_loss=9.224e+03	total_loss=9.314e+03	time=15.23
iter=500	input_loss=969.0	output_loss=9.609e+03	total_loss=9.706e+03	time=15.23
iter=600	input_loss=1.035e+03	output_loss=9.168e+03	total_loss=9.272e+03	time=15.24
iter=700	input_loss=1.031e+03	output_loss=9.487e+03	total_loss=9.59e+03	time=15.23
iter=800	input_loss=1.067e+03	output_loss=9.147e+03	total_loss=9.254e+03	time=15.24
iter=900	input_loss=1.063e+03	output_loss=9.124e+03	total_loss=9.23e+03	time=15.23
iter=F	input_loss=1.037e+03	output_loss=8.944e+03	total_loss=9.048e+03	time=138.3
Last iteration with update:  608
Dots generation for genome location: chr3:53286912-54597632
Model in train mode: False
Gradients enabled for weights - slice 0: True
Weights shape - slice 0: torch.Size([1, 4, 2048])
Gradients enabled for weights - slice 1: True
Weights shape - slice 1: torch.Size([1, 4, 2048])
Local loss applied.
iter=I	input_loss=0.0	output_loss=6.456e+04	total_loss=6.456e+04	time=0.0
iter=100	input_loss=1.024e+03	output_loss=5.562e+03	total_loss=5.664e+03	time=15.23
iter=200	input_loss=857.0	output_loss=5.616e+03	total_loss=5.702e+03	time=15.23
iter=300	input_loss=784.0	output_loss=5.344e+03	total_loss=5.423e+03	time=15.24
iter=400	input_loss=791.0	output_loss=5.069e+03	total_loss=5.148e+03	time=15.23
iter=500	input_loss=823.0	output_loss=5.3e+03	total_loss=5.382e+03	time=15.23
iter=600	input_loss=841.0	output_loss=5.098e+03	total_loss=5.183e+03	time=15.23
iter=700	input_loss=828.0	output_loss=5.103e+03	total_loss=5.186e+03	time=15.23
iter=F	input_loss=814.0	output_loss=4.778e+03	total_loss=4.859e+03	time=112.1
Last iteration with update:  436
Dots generation for genome location: chr3:80795648-82106368
Model in train mode: False
Gradients enabled for weights - slice 0: True
Weights shape - slice 0: torch.Size([1, 4, 2048])
Gradients enabled for weights - slice 1: True
Weights shape - slice 1: torch.Size([1, 4, 2048])
Local loss applied.
iter=I	input_loss=0.0	output_loss=6.497e+04	total_loss=6.497e+04	time=0.0
iter=100	input_loss=998.0	output_loss=1.31e+04	total_loss=1.32e+04	time=15.23
iter=200	input_loss=908.0	output_loss=1.252e+04	total_loss=1.261e+04	time=15.23
iter=300	input_loss=825.0	output_loss=1.073e+04	total_loss=1.082e+04	time=15.23
iter=400	input_loss=836.0	output_loss=1.242e+04	total_loss=1.25e+04	time=15.23
iter=500	input_loss=898.0	output_loss=1.073e+04	total_loss=1.082e+04	time=15.23
iter=600	input_loss=925.0	output_loss=1.112e+04	total_loss=1.121e+04	time=15.23
iter=700	input_loss=986.0	output_loss=1.396e+04	total_loss=1.406e+04	time=15.23
iter=800	input_loss=1.068e+03	output_loss=1.119e+04	total_loss=1.13e+04	time=15.24
iter=900	input_loss=1.275e+03	output_loss=1.088e+04	total_loss=1.101e+04	time=15.23
iter=1000	input_loss=1.208e+03	output_loss=1.082e+04	total_loss=1.094e+04	time=15.23
iter=1100	input_loss=1.146e+03	output_loss=1.006e+04	total_loss=1.017e+04	time=15.23
iter=1200	input_loss=1.112e+03	output_loss=1.074e+04	total_loss=1.085e+04	time=15.24
iter=1300	input_loss=1.05e+03	output_loss=9.456e+03	total_loss=9.561e+03	time=15.24
iter=1400	input_loss=1.034e+03	output_loss=1.182e+04	total_loss=1.193e+04	time=15.25
iter=1500	input_loss=1.013e+03	output_loss=1.158e+04	total_loss=1.168e+04	time=15.51
iter=1600	input_loss=1.031e+03	output_loss=1.1e+04	total_loss=1.111e+04	time=16.2
iter=F	input_loss=1.041e+03	output_loss=9.242e+03	total_loss=9.347e+03	time=248.7
Last iteration with update:  1323
Dots generation for genome location: chr3:99010560-100321280
Model in train mode: False
Gradients enabled for weights - slice 0: True
Weights shape - slice 0: torch.Size([1, 4, 2048])
Gradients enabled for weights - slice 1: True
Weights shape - slice 1: torch.Size([1, 4, 2048])
Local loss applied.
iter=I	input_loss=0.0	output_loss=6.505e+04	total_loss=6.505e+04	time=0.0
iter=100	input_loss=944.0	output_loss=9.765e+03	total_loss=9.859e+03	time=15.24
iter=200	input_loss=1.022e+03	output_loss=3.869e+03	total_loss=3.971e+03	time=15.23
iter=300	input_loss=1.016e+03	output_loss=3.566e+03	total_loss=3.667e+03	time=15.23
iter=400	input_loss=1.059e+03	output_loss=3.376e+03	total_loss=3.482e+03	time=15.23
iter=500	input_loss=1.069e+03	output_loss=3.559e+03	total_loss=3.666e+03	time=15.23
iter=600	input_loss=1.118e+03	output_loss=3.38e+03	total_loss=3.492e+03	time=15.24
iter=700	input_loss=1.195e+03	output_loss=3.043e+03	total_loss=3.162e+03	time=15.23
iter=800	input_loss=1.199e+03	output_loss=3.388e+03	total_loss=3.508e+03	time=15.23
iter=900	input_loss=1.243e+03	output_loss=3.318e+03	total_loss=3.442e+03	time=15.23
iter=1000	input_loss=1.246e+03	output_loss=3.808e+03	total_loss=3.933e+03	time=15.24
iter=F	input_loss=1.189e+03	output_loss=2.899e+03	total_loss=3.018e+03	time=161.3
Last iteration with update:  759
Dots generation for genome location: chr3:101859328-103170048
Model in train mode: False
Gradients enabled for weights - slice 0: True
Weights shape - slice 0: torch.Size([1, 4, 2048])
Gradients enabled for weights - slice 1: True
Weights shape - slice 1: torch.Size([1, 4, 2048])
Local loss applied.
iter=I	input_loss=0.0	output_loss=6.559e+04	total_loss=6.559e+04	time=0.0
iter=100	input_loss=876.0	output_loss=1.213e+04	total_loss=1.221e+04	time=15.24
iter=200	input_loss=853.0	output_loss=1.094e+04	total_loss=1.103e+04	time=15.24
iter=300	input_loss=825.0	output_loss=1.074e+04	total_loss=1.082e+04	time=15.24
iter=400	input_loss=871.0	output_loss=1.071e+04	total_loss=1.079e+04	time=15.25
iter=500	input_loss=889.0	output_loss=1.192e+04	total_loss=1.2e+04	time=15.24
iter=600	input_loss=954.0	output_loss=1.087e+04	total_loss=1.096e+04	time=15.24
iter=700	input_loss=959.0	output_loss=1.088e+04	total_loss=1.098e+04	time=15.25
iter=F	input_loss=878.0	output_loss=1.035e+04	total_loss=1.044e+04	time=106.9
Last iteration with update:  401
Dots generation for genome location: chr3:105613312-106924032
Model in train mode: False
Gradients enabled for weights - slice 0: True
Weights shape - slice 0: torch.Size([1, 4, 2048])
Gradients enabled for weights - slice 1: True
Weights shape - slice 1: torch.Size([1, 4, 2048])
Local loss applied.
iter=I	input_loss=0.0	output_loss=6.518e+04	total_loss=6.518e+04	time=0.0
iter=100	input_loss=894.0	output_loss=4.784e+03	total_loss=4.873e+03	time=15.24
iter=200	input_loss=959.0	output_loss=2.715e+03	total_loss=2.811e+03	time=15.23
iter=300	input_loss=951.0	output_loss=2.842e+03	total_loss=2.937e+03	time=15.23
iter=400	input_loss=972.0	output_loss=2.517e+03	total_loss=2.615e+03	time=15.23
iter=500	input_loss=997.0	output_loss=2.721e+03	total_loss=2.82e+03	time=15.23
iter=600	input_loss=1.021e+03	output_loss=2.565e+03	total_loss=2.667e+03	time=15.22
iter=700	input_loss=1.056e+03	output_loss=2.255e+03	total_loss=2.361e+03	time=15.23
iter=800	input_loss=1.067e+03	output_loss=3.792e+03	total_loss=3.899e+03	time=15.22
iter=900	input_loss=1.056e+03	output_loss=2.668e+03	total_loss=2.774e+03	time=15.22
iter=F	input_loss=1.058e+03	output_loss=2.254e+03	total_loss=2.359e+03	time=150.9
Last iteration with update:  691
Dots generation for genome location: chr3:119885824-121196544
Model in train mode: False
Gradients enabled for weights - slice 0: True
Weights shape - slice 0: torch.Size([1, 4, 2048])
Gradients enabled for weights - slice 1: True
Weights shape - slice 1: torch.Size([1, 4, 2048])
Local loss applied.
iter=I	input_loss=0.0	output_loss=6.519e+04	total_loss=6.519e+04	time=0.0
iter=100	input_loss=722.0	output_loss=1.039e+04	total_loss=1.046e+04	time=15.24
iter=200	input_loss=663.0	output_loss=9.26e+03	total_loss=9.326e+03	time=15.24
iter=300	input_loss=722.0	output_loss=9.272e+03	total_loss=9.344e+03	time=15.25
iter=400	input_loss=730.0	output_loss=9.135e+03	total_loss=9.208e+03	time=15.24
iter=500	input_loss=725.0	output_loss=9.342e+03	total_loss=9.415e+03	time=15.28
iter=600	input_loss=801.0	output_loss=1.022e+04	total_loss=1.03e+04	time=15.25
iter=700	input_loss=889.0	output_loss=9.337e+03	total_loss=9.425e+03	time=15.24
iter=800	input_loss=904.0	output_loss=1.023e+04	total_loss=1.032e+04	time=15.24
iter=F	input_loss=736.0	output_loss=8.817e+03	total_loss=8.891e+03	time=125.8
Last iteration with update:  525
Dots generation for genome location: chr3:127893504-129204224
Model in train mode: False
Gradients enabled for weights - slice 0: True
Weights shape - slice 0: torch.Size([1, 4, 2048])
Gradients enabled for weights - slice 1: True
Weights shape - slice 1: torch.Size([1, 4, 2048])
Local loss applied.
iter=I	input_loss=0.0	output_loss=6.504e+04	total_loss=6.504e+04	time=0.0
iter=100	input_loss=1.042e+03	output_loss=1.55e+04	total_loss=1.56e+04	time=15.28
iter=200	input_loss=1.34e+03	output_loss=2.37e+03	total_loss=2.504e+03	time=15.28
iter=300	input_loss=1.268e+03	output_loss=1.906e+03	total_loss=2.033e+03	time=15.28
iter=400	input_loss=1.246e+03	output_loss=1.767e+03	total_loss=1.891e+03	time=15.28
iter=500	input_loss=1.258e+03	output_loss=1.821e+03	total_loss=1.947e+03	time=15.27
iter=600	input_loss=1.251e+03	output_loss=1.739e+03	total_loss=1.864e+03	time=15.28
iter=700	input_loss=1.246e+03	output_loss=1.664e+03	total_loss=1.789e+03	time=15.28
iter=800	input_loss=1.308e+03	output_loss=1.967e+03	total_loss=2.098e+03	time=15.26
iter=900	input_loss=1.294e+03	output_loss=2.286e+03	total_loss=2.416e+03	time=15.3
iter=1000	input_loss=1.322e+03	output_loss=1.795e+03	total_loss=1.928e+03	time=15.27
iter=F	input_loss=1.246e+03	output_loss=1.664e+03	total_loss=1.789e+03	time=152.8
Last iteration with update:  700
Dots generation for genome location: chr3:128325632-129636352
Model in train mode: False
Gradients enabled for weights - slice 0: True
Weights shape - slice 0: torch.Size([1, 4, 2048])
Gradients enabled for weights - slice 1: True
Weights shape - slice 1: torch.Size([1, 4, 2048])
Local loss applied.
iter=I	input_loss=0.0	output_loss=6.511e+04	total_loss=6.511e+04	time=0.0
iter=100	input_loss=862.0	output_loss=1.812e+03	total_loss=1.898e+03	time=15.23
iter=200	input_loss=750.0	output_loss=1.757e+03	total_loss=1.832e+03	time=15.23
iter=300	input_loss=730.0	output_loss=1.749e+03	total_loss=1.822e+03	time=15.23
iter=400	input_loss=771.0	output_loss=1.614e+03	total_loss=1.691e+03	time=15.23
iter=500	input_loss=789.0	output_loss=1.586e+03	total_loss=1.665e+03	time=15.23
iter=600	input_loss=801.0	output_loss=1.518e+03	total_loss=1.598e+03	time=15.23
iter=700	input_loss=797.0	output_loss=2.002e+03	total_loss=2.082e+03	time=15.23
iter=800	input_loss=816.0	output_loss=1.502e+03	total_loss=1.584e+03	time=15.23
iter=900	input_loss=850.0	output_loss=1.493e+03	total_loss=1.578e+03	time=15.23
iter=1000	input_loss=851.0	output_loss=1.508e+03	total_loss=1.593e+03	time=15.23
iter=1100	input_loss=850.0	output_loss=1.474e+03	total_loss=1.559e+03	time=15.23
iter=1200	input_loss=887.0	output_loss=1.627e+03	total_loss=1.716e+03	time=15.23
iter=F	input_loss=860.0	output_loss=1.441e+03	total_loss=1.527e+03	time=183.2
Last iteration with update:  903
Dots generation for genome location: chr3:134367232-135677952
Model in train mode: False
Gradients enabled for weights - slice 0: True
Weights shape - slice 0: torch.Size([1, 4, 2048])
Gradients enabled for weights - slice 1: True
Weights shape - slice 1: torch.Size([1, 4, 2048])
Local loss applied.
iter=I	input_loss=0.0	output_loss=6.519e+04	total_loss=6.519e+04	time=0.0
iter=100	input_loss=1.043e+03	output_loss=1.265e+04	total_loss=1.275e+04	time=15.24
iter=200	input_loss=932.0	output_loss=1.03e+04	total_loss=1.039e+04	time=15.24
iter=300	input_loss=879.0	output_loss=8.817e+03	total_loss=8.904e+03	time=15.23
iter=400	input_loss=929.0	output_loss=1.008e+04	total_loss=1.017e+04	time=15.24
iter=500	input_loss=881.0	output_loss=2.818e+04	total_loss=2.827e+04	time=15.23
iter=F	input_loss=879.0	output_loss=8.417e+03	total_loss=8.505e+03	time=91.11
Last iteration with update:  298
Dots generation for genome location: chr3:135677952-136988672
Model in train mode: False
Gradients enabled for weights - slice 0: True
Weights shape - slice 0: torch.Size([1, 4, 2048])
Gradients enabled for weights - slice 1: True
Weights shape - slice 1: torch.Size([1, 4, 2048])
Local loss applied.
iter=I	input_loss=0.0	output_loss=6.502e+04	total_loss=6.502e+04	time=0.0
iter=100	input_loss=922.0	output_loss=1.349e+04	total_loss=1.358e+04	time=16.69
iter=200	input_loss=850.0	output_loss=1.194e+04	total_loss=1.203e+04	time=16.68
iter=300	input_loss=880.0	output_loss=1.119e+04	total_loss=1.127e+04	time=16.69
iter=400	input_loss=902.0	output_loss=1.2e+04	total_loss=1.209e+04	time=16.66
iter=500	input_loss=961.0	output_loss=1.17e+04	total_loss=1.179e+04	time=16.67
iter=600	input_loss=949.0	output_loss=1.149e+04	total_loss=1.159e+04	time=16.68
iter=700	input_loss=983.0	output_loss=1.034e+04	total_loss=1.044e+04	time=16.67
iter=800	input_loss=961.0	output_loss=1.052e+04	total_loss=1.062e+04	time=16.69
iter=900	input_loss=996.0	output_loss=9.9e+03	total_loss=1e+04	time=16.68
iter=1000	input_loss=987.0	output_loss=9.831e+03	total_loss=9.929e+03	time=16.65
iter=1100	input_loss=1.047e+03	output_loss=1.043e+04	total_loss=1.053e+04	time=16.64
iter=1200	input_loss=1.183e+03	output_loss=2.938e+04	total_loss=2.95e+04	time=16.65
iter=1300	input_loss=1.243e+03	output_loss=1.024e+04	total_loss=1.037e+04	time=16.66
iter=F	input_loss=981.0	output_loss=9.457e+03	total_loss=9.555e+03	time=222.7
Last iteration with update:  1036
Dots generation for genome location: chr3:136558592-137869312
Model in train mode: False
Gradients enabled for weights - slice 0: True
Weights shape - slice 0: torch.Size([1, 4, 2048])
Gradients enabled for weights - slice 1: True
Weights shape - slice 1: torch.Size([1, 4, 2048])
Local loss applied.
iter=I	input_loss=0.0	output_loss=6.519e+04	total_loss=6.519e+04	time=0.0
iter=100	input_loss=1.252e+03	output_loss=1.079e+04	total_loss=1.092e+04	time=15.25
iter=200	input_loss=1.386e+03	output_loss=1.781e+03	total_loss=1.92e+03	time=15.25
iter=300	input_loss=1.33e+03	output_loss=1.831e+03	total_loss=1.964e+03	time=15.24
iter=400	input_loss=1.317e+03	output_loss=1.896e+03	total_loss=2.028e+03	time=15.28
iter=500	input_loss=1.318e+03	output_loss=2.083e+03	total_loss=2.215e+03	time=15.26
iter=F	input_loss=1.35e+03	output_loss=1.499e+03	total_loss=1.634e+03	time=87.26
Last iteration with update:  272
Dots generation for genome location: chr3:146692096-148002816
Model in train mode: False
Gradients enabled for weights - slice 0: True
Weights shape - slice 0: torch.Size([1, 4, 2048])
Gradients enabled for weights - slice 1: True
Weights shape - slice 1: torch.Size([1, 4, 2048])
Local loss applied.
iter=I	input_loss=0.0	output_loss=6.5e+04	total_loss=6.5e+04	time=0.0
iter=100	input_loss=1.059e+03	output_loss=9.33e+03	total_loss=9.436e+03	time=16.7
iter=200	input_loss=969.0	output_loss=8.41e+03	total_loss=8.507e+03	time=16.68
iter=300	input_loss=956.0	output_loss=8.069e+03	total_loss=8.164e+03	time=16.68
iter=400	input_loss=995.0	output_loss=7.634e+03	total_loss=7.734e+03	time=16.72
iter=500	input_loss=1.015e+03	output_loss=7.487e+03	total_loss=7.589e+03	time=16.72
iter=600	input_loss=1.001e+03	output_loss=7.374e+03	total_loss=7.474e+03	time=16.7
iter=700	input_loss=992.0	output_loss=7.348e+03	total_loss=7.448e+03	time=16.67
iter=800	input_loss=1.006e+03	output_loss=7.654e+03	total_loss=7.755e+03	time=16.71
iter=900	input_loss=1.061e+03	output_loss=7.83e+03	total_loss=7.936e+03	time=16.72
iter=F	input_loss=988.0	output_loss=7.12e+03	total_loss=7.219e+03	time=162.2
Last iteration with update:  671
Dots generation for genome location: chr3:152809472-154120192
Model in train mode: False
Gradients enabled for weights - slice 0: True
Weights shape - slice 0: torch.Size([1, 4, 2048])
Gradients enabled for weights - slice 1: True
Weights shape - slice 1: torch.Size([1, 4, 2048])
Local loss applied.
iter=I	input_loss=0.0	output_loss=6.512e+04	total_loss=6.512e+04	time=0.0
iter=100	input_loss=874.0	output_loss=1.127e+04	total_loss=1.136e+04	time=16.72
iter=200	input_loss=1.123e+03	output_loss=3.697e+03	total_loss=3.809e+03	time=16.72
iter=300	input_loss=1.145e+03	output_loss=3.277e+03	total_loss=3.391e+03	time=16.67
iter=400	input_loss=1.122e+03	output_loss=3.263e+03	total_loss=3.376e+03	time=16.7
iter=500	input_loss=1.134e+03	output_loss=3.039e+03	total_loss=3.152e+03	time=16.66
iter=600	input_loss=1.14e+03	output_loss=3.113e+03	total_loss=3.227e+03	time=16.67
iter=700	input_loss=1.214e+03	output_loss=2.976e+03	total_loss=3.097e+03	time=16.67
iter=800	input_loss=1.174e+03	output_loss=2.765e+03	total_loss=2.882e+03	time=16.66
iter=900	input_loss=1.122e+03	output_loss=2.716e+03	total_loss=2.828e+03	time=16.67
iter=1000	input_loss=1.153e+03	output_loss=6.418e+03	total_loss=6.534e+03	time=16.66
iter=1100	input_loss=1.187e+03	output_loss=2.797e+03	total_loss=2.915e+03	time=16.7
iter=1200	input_loss=1.178e+03	output_loss=2.855e+03	total_loss=2.973e+03	time=16.69
iter=F	input_loss=1.121e+03	output_loss=2.636e+03	total_loss=2.748e+03	time=206.5
Last iteration with update:  938
Dots generation for genome location: chr4:95033344-96344064
Model in train mode: False
Gradients enabled for weights - slice 0: True
Weights shape - slice 0: torch.Size([1, 4, 2048])
Gradients enabled for weights - slice 1: True
Weights shape - slice 1: torch.Size([1, 4, 2048])
Local loss applied.
iter=I	input_loss=0.0	output_loss=6.507e+04	total_loss=6.507e+04	time=0.0
iter=100	input_loss=900.0	output_loss=8.66e+03	total_loss=8.75e+03	time=16.66
iter=200	input_loss=756.0	output_loss=7.855e+03	total_loss=7.931e+03	time=16.66
iter=300	input_loss=741.0	output_loss=8.235e+03	total_loss=8.31e+03	time=16.67
iter=400	input_loss=764.0	output_loss=7.908e+03	total_loss=7.984e+03	time=16.68
iter=500	input_loss=795.0	output_loss=8.763e+03	total_loss=8.843e+03	time=16.68
iter=600	input_loss=856.0	output_loss=7.482e+03	total_loss=7.567e+03	time=16.7
iter=700	input_loss=835.0	output_loss=7.777e+03	total_loss=7.861e+03	time=16.7
iter=800	input_loss=851.0	output_loss=7.549e+03	total_loss=7.634e+03	time=16.71
iter=F	input_loss=831.0	output_loss=7.349e+03	total_loss=7.432e+03	time=138.8
Last iteration with update:  532
Dots generation for genome location: chr4:95809536-97120256
Model in train mode: False
Gradients enabled for weights - slice 0: True
Weights shape - slice 0: torch.Size([1, 4, 2048])
Gradients enabled for weights - slice 1: True
Weights shape - slice 1: torch.Size([1, 4, 2048])
Local loss applied.
iter=I	input_loss=0.0	output_loss=6.499e+04	total_loss=6.499e+04	time=0.0
iter=100	input_loss=1.294e+03	output_loss=1.795e+03	total_loss=1.925e+03	time=15.26
iter=200	input_loss=1.203e+03	output_loss=1.536e+03	total_loss=1.657e+03	time=15.25
iter=300	input_loss=1.105e+03	output_loss=1.392e+03	total_loss=1.502e+03	time=15.25
iter=400	input_loss=1.109e+03	output_loss=1.32e+03	total_loss=1.431e+03	time=15.25
iter=500	input_loss=1.111e+03	output_loss=1.153e+03	total_loss=1.265e+03	time=15.26
iter=600	input_loss=1.098e+03	output_loss=1.018e+03	total_loss=1.128e+03	time=15.25
iter=700	input_loss=1.109e+03	output_loss=1.211e+03	total_loss=1.322e+03	time=15.25
iter=800	input_loss=1.094e+03	output_loss=1.022e+03	total_loss=1.131e+03	time=15.26
iter=900	input_loss=1.117e+03	output_loss=987.5	total_loss=1.099e+03	time=15.26
iter=1000	input_loss=1.14e+03	output_loss=1.081e+03	total_loss=1.195e+03	time=15.26
iter=1100	input_loss=1.153e+03	output_loss=1.151e+03	total_loss=1.266e+03	time=15.26
iter=1200	input_loss=1.15e+03	output_loss=1.087e+03	total_loss=1.202e+03	time=15.27
iter=F	input_loss=1.112e+03	output_loss=926.4	total_loss=1.038e+03	time=185.7
Last iteration with update:  917
Dots generation for genome location: chr4:103120896-104431616
Model in train mode: False
Gradients enabled for weights - slice 0: True
Weights shape - slice 0: torch.Size([1, 4, 2048])
Gradients enabled for weights - slice 1: True
Weights shape - slice 1: torch.Size([1, 4, 2048])
Local loss applied.
iter=I	input_loss=0.0	output_loss=6.521e+04	total_loss=6.521e+04	time=0.0
iter=100	input_loss=1.02e+03	output_loss=3.951e+03	total_loss=4.053e+03	time=15.27
iter=200	input_loss=959.0	output_loss=2.36e+03	total_loss=2.456e+03	time=15.26
iter=300	input_loss=965.0	output_loss=2.189e+03	total_loss=2.285e+03	time=15.27
iter=400	input_loss=985.0	output_loss=2.043e+03	total_loss=2.141e+03	time=15.26
iter=500	input_loss=1.024e+03	output_loss=2.102e+03	total_loss=2.204e+03	time=15.27
iter=600	input_loss=1.064e+03	output_loss=2.178e+03	total_loss=2.284e+03	time=15.26
iter=700	input_loss=1.112e+03	output_loss=1.95e+03	total_loss=2.061e+03	time=15.29
iter=800	input_loss=1.144e+03	output_loss=2.008e+03	total_loss=2.122e+03	time=15.27
iter=900	input_loss=1.144e+03	output_loss=2.3e+03	total_loss=2.414e+03	time=15.27
iter=1000	input_loss=1.116e+03	output_loss=1.977e+03	total_loss=2.089e+03	time=15.26
iter=1100	input_loss=1.106e+03	output_loss=2.061e+03	total_loss=2.171e+03	time=15.26
iter=1200	input_loss=1.13e+03	output_loss=1.758e+03	total_loss=1.871e+03	time=15.27
iter=1300	input_loss=1.151e+03	output_loss=1.834e+03	total_loss=1.949e+03	time=15.28
iter=F	input_loss=1.101e+03	output_loss=1.725e+03	total_loss=1.835e+03	time=209.9
Last iteration with update:  1075
Dots generation for genome location: chr4:104028160-105338880
Model in train mode: False
Gradients enabled for weights - slice 0: True
Weights shape - slice 0: torch.Size([1, 4, 2048])
Gradients enabled for weights - slice 1: True
Weights shape - slice 1: torch.Size([1, 4, 2048])
Local loss applied.
iter=I	input_loss=0.0	output_loss=6.524e+04	total_loss=6.524e+04	time=0.0
iter=100	input_loss=1.139e+03	output_loss=1.049e+04	total_loss=1.06e+04	time=16.69
iter=200	input_loss=920.0	output_loss=8.887e+03	total_loss=8.979e+03	time=16.71
iter=300	input_loss=836.0	output_loss=1.048e+04	total_loss=1.056e+04	time=16.7
iter=400	input_loss=823.0	output_loss=8.821e+03	total_loss=8.903e+03	time=16.71
iter=500	input_loss=790.0	output_loss=8.608e+03	total_loss=8.687e+03	time=16.71
iter=600	input_loss=838.0	output_loss=9.644e+03	total_loss=9.728e+03	time=16.69
iter=F	input_loss=834.0	output_loss=8.252e+03	total_loss=8.335e+03	time=106.4
Last iteration with update:  337
Dots generation for genome location: chr4:109963264-111273984
Model in train mode: False
Gradients enabled for weights - slice 0: True
Weights shape - slice 0: torch.Size([1, 4, 2048])
Gradients enabled for weights - slice 1: True
Weights shape - slice 1: torch.Size([1, 4, 2048])
Local loss applied.
iter=I	input_loss=0.0	output_loss=6.502e+04	total_loss=6.502e+04	time=0.0
iter=100	input_loss=1.083e+03	output_loss=1.115e+04	total_loss=1.126e+04	time=16.7
iter=200	input_loss=1.005e+03	output_loss=1.015e+04	total_loss=1.026e+04	time=16.71
iter=300	input_loss=977.0	output_loss=1.12e+04	total_loss=1.129e+04	time=16.71
iter=400	input_loss=1.001e+03	output_loss=1.005e+04	total_loss=1.015e+04	time=16.73
iter=500	input_loss=1.007e+03	output_loss=1.002e+04	total_loss=1.012e+04	time=16.69
iter=600	input_loss=994.0	output_loss=9.903e+03	total_loss=1e+04	time=16.7
iter=700	input_loss=997.0	output_loss=1.032e+04	total_loss=1.042e+04	time=16.71
iter=800	input_loss=1.024e+03	output_loss=9.545e+03	total_loss=9.648e+03	time=16.69
iter=900	input_loss=1.008e+03	output_loss=9.646e+03	total_loss=9.747e+03	time=16.72
iter=F	input_loss=976.0	output_loss=9.334e+03	total_loss=9.432e+03	time=158.2
Last iteration with update:  647
Dots generation for genome location: chr4:127655936-128966656
Model in train mode: False
Gradients enabled for weights - slice 0: True
Weights shape - slice 0: torch.Size([1, 4, 2048])
Gradients enabled for weights - slice 1: True
Weights shape - slice 1: torch.Size([1, 4, 2048])
Local loss applied.
iter=I	input_loss=0.0	output_loss=6.478e+04	total_loss=6.478e+04	time=0.0
iter=100	input_loss=840.0	output_loss=1.776e+03	total_loss=1.86e+03	time=15.26
iter=200	input_loss=696.0	output_loss=1.739e+03	total_loss=1.808e+03	time=15.26
iter=300	input_loss=752.0	output_loss=1.731e+03	total_loss=1.806e+03	time=15.27
iter=400	input_loss=756.0	output_loss=1.826e+03	total_loss=1.902e+03	time=15.25
iter=500	input_loss=759.0	output_loss=1.683e+03	total_loss=1.759e+03	time=15.27
iter=600	input_loss=778.0	output_loss=2.151e+03	total_loss=2.228e+03	time=15.27
iter=700	input_loss=809.0	output_loss=1.615e+03	total_loss=1.695e+03	time=15.26
iter=800	input_loss=811.0	output_loss=1.589e+03	total_loss=1.67e+03	time=15.25
iter=900	input_loss=878.0	output_loss=1.833e+03	total_loss=1.921e+03	time=15.25
iter=1000	input_loss=883.0	output_loss=1.604e+03	total_loss=1.692e+03	time=15.24
iter=1100	input_loss=861.0	output_loss=1.587e+03	total_loss=1.673e+03	time=15.27
iter=F	input_loss=822.0	output_loss=1.557e+03	total_loss=1.639e+03	time=175.9
Last iteration with update:  853
Dots generation for genome location: chr4:152287232-153597952
Model in train mode: False
Gradients enabled for weights - slice 0: True
Weights shape - slice 0: torch.Size([1, 4, 2048])
Gradients enabled for weights - slice 1: True
Weights shape - slice 1: torch.Size([1, 4, 2048])
Local loss applied.
iter=I	input_loss=0.0	output_loss=6.515e+04	total_loss=6.515e+04	time=0.0
iter=100	input_loss=1.061e+03	output_loss=1.013e+04	total_loss=1.023e+04	time=15.26
iter=200	input_loss=948.0	output_loss=9.335e+03	total_loss=9.43e+03	time=15.25
iter=300	input_loss=964.0	output_loss=9.104e+03	total_loss=9.2e+03	time=15.26
iter=400	input_loss=1.032e+03	output_loss=8.939e+03	total_loss=9.042e+03	time=15.25
iter=500	input_loss=1.016e+03	output_loss=8.387e+03	total_loss=8.488e+03	time=17.0
iter=600	input_loss=1.046e+03	output_loss=9.179e+03	total_loss=9.284e+03	time=15.65
iter=700	input_loss=1.039e+03	output_loss=8.195e+03	total_loss=8.299e+03	time=15.26
iter=800	input_loss=1.078e+03	output_loss=8.288e+03	total_loss=8.396e+03	time=15.25
iter=900	input_loss=1.158e+03	output_loss=8.382e+03	total_loss=8.498e+03	time=15.25
iter=F	input_loss=1.054e+03	output_loss=7.82e+03	total_loss=7.926e+03	time=145.2
Last iteration with update:  638
Dots generation for genome location: chr5:36800512-38111232
Model in train mode: False
Gradients enabled for weights - slice 0: True
Weights shape - slice 0: torch.Size([1, 4, 2048])
Gradients enabled for weights - slice 1: True
Weights shape - slice 1: torch.Size([1, 4, 2048])
Local loss applied.
iter=I	input_loss=0.0	output_loss=6.537e+04	total_loss=6.537e+04	time=0.0
iter=100	input_loss=877.0	output_loss=1.627e+04	total_loss=1.636e+04	time=15.24
iter=200	input_loss=842.0	output_loss=1.189e+04	total_loss=1.197e+04	time=15.25
iter=300	input_loss=890.0	output_loss=2.535e+04	total_loss=2.544e+04	time=15.25
iter=400	input_loss=905.0	output_loss=1.338e+04	total_loss=1.347e+04	time=15.24
iter=500	input_loss=903.0	output_loss=1.165e+04	total_loss=1.174e+04	time=15.25
iter=F	input_loss=845.0	output_loss=1.098e+04	total_loss=1.107e+04	time=82.48
Last iteration with update:  241
Dots generation for genome location: chr5:38354944-39665664
Model in train mode: False
Gradients enabled for weights - slice 0: True
Weights shape - slice 0: torch.Size([1, 4, 2048])
Gradients enabled for weights - slice 1: True
Weights shape - slice 1: torch.Size([1, 4, 2048])
Local loss applied.
iter=I	input_loss=0.0	output_loss=6.505e+04	total_loss=6.505e+04	time=0.0
iter=100	input_loss=857.0	output_loss=1.727e+04	total_loss=1.735e+04	time=15.24
iter=200	input_loss=663.0	output_loss=1.303e+04	total_loss=1.31e+04	time=15.25
iter=300	input_loss=676.0	output_loss=1.085e+04	total_loss=1.092e+04	time=15.25
iter=400	input_loss=683.0	output_loss=1.164e+04	total_loss=1.171e+04	time=15.24
iter=500	input_loss=782.0	output_loss=1.087e+04	total_loss=1.094e+04	time=15.24
iter=600	input_loss=790.0	output_loss=1.093e+04	total_loss=1.1e+04	time=15.25
iter=700	input_loss=758.0	output_loss=1.038e+04	total_loss=1.046e+04	time=15.24
iter=800	input_loss=870.0	output_loss=1.111e+04	total_loss=1.12e+04	time=15.24
iter=900	input_loss=886.0	output_loss=1.199e+04	total_loss=1.208e+04	time=15.25
iter=1000	input_loss=862.0	output_loss=1.535e+04	total_loss=1.544e+04	time=15.25
iter=1100	input_loss=900.0	output_loss=1.004e+04	total_loss=1.013e+04	time=15.25
iter=1200	input_loss=884.0	output_loss=1.026e+04	total_loss=1.035e+04	time=15.26
iter=1300	input_loss=923.0	output_loss=1.028e+04	total_loss=1.038e+04	time=15.25
iter=1400	input_loss=932.0	output_loss=1.088e+04	total_loss=1.098e+04	time=15.24
iter=F	input_loss=893.0	output_loss=9.796e+03	total_loss=9.886e+03	time=220.2
Last iteration with update:  1144
Dots generation for genome location: chr5:41830400-43141120
Model in train mode: False
Gradients enabled for weights - slice 0: True
Weights shape - slice 0: torch.Size([1, 4, 2048])
Gradients enabled for weights - slice 1: True
Weights shape - slice 1: torch.Size([1, 4, 2048])
Local loss applied.
iter=I	input_loss=0.0	output_loss=6.45e+04	total_loss=6.45e+04	time=0.0
iter=100	input_loss=1.257e+03	output_loss=1.333e+04	total_loss=1.346e+04	time=15.25
iter=200	input_loss=1.267e+03	output_loss=3.518e+03	total_loss=3.644e+03	time=15.24
iter=300	input_loss=1.172e+03	output_loss=2.767e+03	total_loss=2.884e+03	time=15.24
iter=400	input_loss=1.109e+03	output_loss=2.838e+03	total_loss=2.949e+03	time=15.26
iter=500	input_loss=1.142e+03	output_loss=2.965e+03	total_loss=3.079e+03	time=15.24
iter=600	input_loss=1.111e+03	output_loss=3.516e+03	total_loss=3.627e+03	time=15.24
iter=700	input_loss=1.116e+03	output_loss=2.832e+03	total_loss=2.944e+03	time=15.24
iter=800	input_loss=1.106e+03	output_loss=2.532e+03	total_loss=2.643e+03	time=15.25
iter=900	input_loss=1.089e+03	output_loss=2.611e+03	total_loss=2.72e+03	time=15.25
iter=1000	input_loss=1.1e+03	output_loss=6.887e+03	total_loss=6.997e+03	time=15.24
iter=1100	input_loss=1.144e+03	output_loss=2.923e+03	total_loss=3.037e+03	time=15.25
iter=F	input_loss=1.102e+03	output_loss=2.433e+03	total_loss=2.543e+03	time=168.6
Last iteration with update:  806
Dots generation for genome location: chr5:44417024-45727744
Model in train mode: False
Gradients enabled for weights - slice 0: True
Weights shape - slice 0: torch.Size([1, 4, 2048])
Gradients enabled for weights - slice 1: True
Weights shape - slice 1: torch.Size([1, 4, 2048])
Local loss applied.
iter=I	input_loss=0.0	output_loss=6.515e+04	total_loss=6.515e+04	time=0.0
iter=100	input_loss=851.0	output_loss=1.93e+04	total_loss=1.939e+04	time=15.23
iter=200	input_loss=964.0	output_loss=1.39e+04	total_loss=1.4e+04	time=15.24
iter=300	input_loss=804.0	output_loss=1.434e+04	total_loss=1.442e+04	time=15.25
iter=400	input_loss=780.0	output_loss=1.289e+04	total_loss=1.296e+04	time=15.24
iter=500	input_loss=765.0	output_loss=1.242e+04	total_loss=1.25e+04	time=15.24
iter=600	input_loss=774.0	output_loss=1.219e+04	total_loss=1.227e+04	time=15.26
iter=700	input_loss=862.0	output_loss=1.149e+04	total_loss=1.157e+04	time=15.25
iter=800	input_loss=814.0	output_loss=1.151e+04	total_loss=1.159e+04	time=15.26
iter=900	input_loss=828.0	output_loss=1.12e+04	total_loss=1.128e+04	time=15.25
iter=1000	input_loss=868.0	output_loss=1.138e+04	total_loss=1.147e+04	time=15.24
iter=1100	input_loss=928.0	output_loss=1.113e+04	total_loss=1.123e+04	time=15.24
iter=F	input_loss=815.0	output_loss=1.084e+04	total_loss=1.092e+04	time=182.3
Last iteration with update:  896
Dots generation for genome location: chr5:45426688-46737408
Model in train mode: False
Gradients enabled for weights - slice 0: True
Weights shape - slice 0: torch.Size([1, 4, 2048])
Gradients enabled for weights - slice 1: True
Weights shape - slice 1: torch.Size([1, 4, 2048])
Local loss applied.
iter=I	input_loss=0.0	output_loss=6.516e+04	total_loss=6.516e+04	time=0.0
iter=100	input_loss=972.0	output_loss=1.171e+04	total_loss=1.18e+04	time=15.25
iter=200	input_loss=847.0	output_loss=1.062e+04	total_loss=1.071e+04	time=15.24
iter=300	input_loss=854.0	output_loss=1.004e+04	total_loss=1.012e+04	time=15.24
iter=400	input_loss=904.0	output_loss=9.509e+03	total_loss=9.599e+03	time=15.25
iter=500	input_loss=940.0	output_loss=9.196e+03	total_loss=9.29e+03	time=15.25
iter=600	input_loss=954.0	output_loss=8.571e+03	total_loss=8.666e+03	time=15.24
iter=700	input_loss=1.014e+03	output_loss=8.655e+03	total_loss=8.757e+03	time=15.25
iter=800	input_loss=1.01e+03	output_loss=9.127e+03	total_loss=9.228e+03	time=15.25
iter=900	input_loss=1.031e+03	output_loss=8.812e+03	total_loss=8.915e+03	time=15.24
iter=1000	input_loss=1.07e+03	output_loss=8.802e+03	total_loss=8.909e+03	time=15.25
iter=F	input_loss=1.022e+03	output_loss=8.343e+03	total_loss=8.445e+03	time=164.8
Last iteration with update:  781
Dots generation for genome location: chr5:48887808-50198528
Model in train mode: False
Gradients enabled for weights - slice 0: True
Weights shape - slice 0: torch.Size([1, 4, 2048])
Gradients enabled for weights - slice 1: True
Weights shape - slice 1: torch.Size([1, 4, 2048])
Local loss applied.
iter=I	input_loss=0.0	output_loss=6.504e+04	total_loss=6.504e+04	time=0.0
iter=100	input_loss=897.0	output_loss=9.921e+03	total_loss=1.001e+04	time=15.26
iter=200	input_loss=792.0	output_loss=1.19e+04	total_loss=1.198e+04	time=15.25
iter=300	input_loss=806.0	output_loss=9.11e+03	total_loss=9.191e+03	time=15.25
iter=400	input_loss=934.0	output_loss=9.481e+03	total_loss=9.575e+03	time=15.24
iter=500	input_loss=896.0	output_loss=8.733e+03	total_loss=8.822e+03	time=15.25
iter=600	input_loss=941.0	output_loss=8.46e+03	total_loss=8.554e+03	time=15.25
iter=700	input_loss=927.0	output_loss=8.577e+03	total_loss=8.67e+03	time=15.25
iter=800	input_loss=979.0	output_loss=1.055e+04	total_loss=1.065e+04	time=15.25
iter=900	input_loss=1.003e+03	output_loss=8.9e+03	total_loss=9e+03	time=15.25
iter=F	input_loss=950.0	output_loss=8.163e+03	total_loss=8.258e+03	time=138.0
Last iteration with update:  605
Dots generation for genome location: chr5:51138560-52449280
Model in train mode: False
Gradients enabled for weights - slice 0: True
Weights shape - slice 0: torch.Size([1, 4, 2048])
Gradients enabled for weights - slice 1: True
Weights shape - slice 1: torch.Size([1, 4, 2048])
Local loss applied.
iter=I	input_loss=0.0	output_loss=6.491e+04	total_loss=6.491e+04	time=0.0
iter=100	input_loss=972.0	output_loss=1.256e+04	total_loss=1.265e+04	time=15.25
iter=200	input_loss=887.0	output_loss=1.159e+04	total_loss=1.168e+04	time=15.25
iter=300	input_loss=923.0	output_loss=1.1e+04	total_loss=1.109e+04	time=15.25
iter=400	input_loss=965.0	output_loss=1.061e+04	total_loss=1.071e+04	time=15.25
iter=500	input_loss=972.0	output_loss=1.105e+04	total_loss=1.115e+04	time=15.26
iter=600	input_loss=1.003e+03	output_loss=1.057e+04	total_loss=1.067e+04	time=15.26
iter=F	input_loss=951.0	output_loss=1.038e+04	total_loss=1.047e+04	time=101.7
Last iteration with update:  367
Dots generation for genome location: chr5:62668800-63979520
Model in train mode: False
Gradients enabled for weights - slice 0: True
Weights shape - slice 0: torch.Size([1, 4, 2048])
Gradients enabled for weights - slice 1: True
Weights shape - slice 1: torch.Size([1, 4, 2048])
Local loss applied.
iter=I	input_loss=0.0	output_loss=6.474e+04	total_loss=6.474e+04	time=0.0
iter=100	input_loss=1.168e+03	output_loss=2.572e+03	total_loss=2.689e+03	time=15.25
iter=200	input_loss=976.0	output_loss=2.333e+03	total_loss=2.431e+03	time=15.24
iter=300	input_loss=962.0	output_loss=2.035e+03	total_loss=2.131e+03	time=15.25
iter=400	input_loss=958.0	output_loss=1.831e+03	total_loss=1.927e+03	time=15.24
iter=500	input_loss=955.0	output_loss=1.792e+03	total_loss=1.888e+03	time=15.24
iter=600	input_loss=947.0	output_loss=1.868e+03	total_loss=1.963e+03	time=15.24
iter=700	input_loss=979.0	output_loss=1.977e+03	total_loss=2.075e+03	time=15.25
iter=800	input_loss=980.0	output_loss=1.912e+03	total_loss=2.01e+03	time=15.24
iter=900	input_loss=1.002e+03	output_loss=1.872e+03	total_loss=1.973e+03	time=15.24
iter=F	input_loss=961.0	output_loss=1.693e+03	total_loss=1.789e+03	time=149.4
Last iteration with update:  680
Dots generation for genome location: chr5:82620416-83931136
Model in train mode: False
Gradients enabled for weights - slice 0: True
Weights shape - slice 0: torch.Size([1, 4, 2048])
Gradients enabled for weights - slice 1: True
Weights shape - slice 1: torch.Size([1, 4, 2048])
Local loss applied.
iter=I	input_loss=0.0	output_loss=6.503e+04	total_loss=6.503e+04	time=0.0
iter=100	input_loss=1.04e+03	output_loss=1.542e+04	total_loss=1.553e+04	time=15.24
iter=200	input_loss=793.0	output_loss=1.132e+04	total_loss=1.14e+04	time=15.25
iter=300	input_loss=744.0	output_loss=1.047e+04	total_loss=1.055e+04	time=15.25
iter=400	input_loss=795.0	output_loss=8.978e+03	total_loss=9.058e+03	time=15.25
iter=500	input_loss=863.0	output_loss=8.783e+03	total_loss=8.87e+03	time=15.25
iter=600	input_loss=925.0	output_loss=1.48e+04	total_loss=1.49e+04	time=15.25
iter=700	input_loss=920.0	output_loss=8.369e+03	total_loss=8.461e+03	time=15.25
iter=800	input_loss=941.0	output_loss=9.897e+03	total_loss=9.991e+03	time=15.24
iter=900	input_loss=986.0	output_loss=1.404e+04	total_loss=1.414e+04	time=15.24
iter=F	input_loss=963.0	output_loss=7.893e+03	total_loss=7.989e+03	time=143.5
Last iteration with update:  641
Dots generation for genome location: chr5:85061632-86372352
Model in train mode: False
Gradients enabled for weights - slice 0: True
Weights shape - slice 0: torch.Size([1, 4, 2048])
Gradients enabled for weights - slice 1: True
Weights shape - slice 1: torch.Size([1, 4, 2048])
Local loss applied.
iter=I	input_loss=0.0	output_loss=6.498e+04	total_loss=6.498e+04	time=0.0
iter=100	input_loss=892.0	output_loss=1.195e+04	total_loss=1.204e+04	time=15.25
iter=200	input_loss=793.0	output_loss=1.164e+04	total_loss=1.172e+04	time=15.24
iter=300	input_loss=758.0	output_loss=1.18e+04	total_loss=1.188e+04	time=15.25
iter=400	input_loss=782.0	output_loss=1.151e+04	total_loss=1.158e+04	time=15.25
iter=500	input_loss=804.0	output_loss=1.16e+04	total_loss=1.168e+04	time=15.24
iter=600	input_loss=831.0	output_loss=1.413e+04	total_loss=1.421e+04	time=15.25
iter=700	input_loss=872.0	output_loss=1.166e+04	total_loss=1.175e+04	time=15.25
iter=800	input_loss=916.0	output_loss=1.179e+04	total_loss=1.188e+04	time=15.25
iter=900	input_loss=931.0	output_loss=1.187e+04	total_loss=1.196e+04	time=15.25
iter=1000	input_loss=952.0	output_loss=1.158e+04	total_loss=1.167e+04	time=15.25
iter=F	input_loss=855.0	output_loss=1.134e+04	total_loss=1.142e+04	time=158.3
Last iteration with update:  738
Dots generation for genome location: chr5:91060224-92370944
Model in train mode: False
Gradients enabled for weights - slice 0: True
Weights shape - slice 0: torch.Size([1, 4, 2048])
Gradients enabled for weights - slice 1: True
Weights shape - slice 1: torch.Size([1, 4, 2048])
Local loss applied.
iter=I	input_loss=0.0	output_loss=6.466e+04	total_loss=6.466e+04	time=0.0
iter=100	input_loss=966.0	output_loss=1.116e+04	total_loss=1.125e+04	time=15.25
iter=200	input_loss=834.0	output_loss=1.147e+04	total_loss=1.155e+04	time=15.25
iter=300	input_loss=770.0	output_loss=1.107e+04	total_loss=1.115e+04	time=15.25
iter=400	input_loss=748.0	output_loss=1.09e+04	total_loss=1.097e+04	time=15.25
iter=500	input_loss=780.0	output_loss=1.026e+04	total_loss=1.034e+04	time=15.25
iter=600	input_loss=789.0	output_loss=9.888e+03	total_loss=9.967e+03	time=15.25
iter=700	input_loss=797.0	output_loss=9.863e+03	total_loss=9.943e+03	time=15.25
iter=800	input_loss=905.0	output_loss=1.21e+04	total_loss=1.219e+04	time=15.25
iter=900	input_loss=882.0	output_loss=1.017e+04	total_loss=1.026e+04	time=15.25
iter=F	input_loss=788.0	output_loss=9.662e+03	total_loss=9.741e+03	time=152.0
Last iteration with update:  697
Dots generation for genome location: chr5:95946752-97257472
Model in train mode: False
Gradients enabled for weights - slice 0: True
Weights shape - slice 0: torch.Size([1, 4, 2048])
Gradients enabled for weights - slice 1: True
Weights shape - slice 1: torch.Size([1, 4, 2048])
Local loss applied.
iter=I	input_loss=0.0	output_loss=6.483e+04	total_loss=6.483e+04	time=0.0
iter=100	input_loss=1.149e+03	output_loss=4.156e+03	total_loss=4.271e+03	time=15.26
iter=200	input_loss=1.093e+03	output_loss=2.681e+03	total_loss=2.791e+03	time=15.25
iter=300	input_loss=1.126e+03	output_loss=2.042e+03	total_loss=2.155e+03	time=15.25
iter=400	input_loss=1.157e+03	output_loss=1.81e+03	total_loss=1.926e+03	time=15.25
iter=500	input_loss=1.157e+03	output_loss=1.761e+03	total_loss=1.877e+03	time=15.25
iter=600	input_loss=1.16e+03	output_loss=2.475e+03	total_loss=2.591e+03	time=15.27
iter=700	input_loss=1.175e+03	output_loss=1.769e+03	total_loss=1.886e+03	time=15.25
iter=800	input_loss=1.189e+03	output_loss=1.876e+03	total_loss=1.995e+03	time=15.26
iter=900	input_loss=1.194e+03	output_loss=1.835e+03	total_loss=1.954e+03	time=15.25
iter=1000	input_loss=1.159e+03	output_loss=2.162e+03	total_loss=2.278e+03	time=15.27
iter=1100	input_loss=1.199e+03	output_loss=2.002e+03	total_loss=2.122e+03	time=15.28
iter=1200	input_loss=1.217e+03	output_loss=3.564e+03	total_loss=3.686e+03	time=15.26
iter=F	input_loss=1.165e+03	output_loss=1.698e+03	total_loss=1.814e+03	time=188.4
Last iteration with update:  935
Dots generation for genome location: chr5:96688128-97998848
Model in train mode: False
Gradients enabled for weights - slice 0: True
Weights shape - slice 0: torch.Size([1, 4, 2048])
Gradients enabled for weights - slice 1: True
Weights shape - slice 1: torch.Size([1, 4, 2048])
Local loss applied.
iter=I	input_loss=0.0	output_loss=6.528e+04	total_loss=6.528e+04	time=0.0
iter=100	input_loss=874.0	output_loss=9.579e+03	total_loss=9.666e+03	time=15.24
iter=200	input_loss=804.0	output_loss=8.747e+03	total_loss=8.828e+03	time=15.25
iter=300	input_loss=810.0	output_loss=8.774e+03	total_loss=8.855e+03	time=15.24
iter=400	input_loss=874.0	output_loss=8.414e+03	total_loss=8.501e+03	time=15.25
iter=500	input_loss=867.0	output_loss=8.709e+03	total_loss=8.795e+03	time=15.24
iter=600	input_loss=904.0	output_loss=8.639e+03	total_loss=8.729e+03	time=15.24
iter=700	input_loss=938.0	output_loss=8.702e+03	total_loss=8.796e+03	time=15.24
iter=800	input_loss=945.0	output_loss=8.603e+03	total_loss=8.697e+03	time=15.25
iter=900	input_loss=946.0	output_loss=8.464e+03	total_loss=8.558e+03	time=15.24
iter=F	input_loss=920.0	output_loss=8.309e+03	total_loss=8.401e+03	time=138.7
Last iteration with update:  610
Dots generation for genome location: chr5:97062912-98373632
Model in train mode: False
Gradients enabled for weights - slice 0: True
Weights shape - slice 0: torch.Size([1, 4, 2048])
Gradients enabled for weights - slice 1: True
Weights shape - slice 1: torch.Size([1, 4, 2048])
Local loss applied.
iter=I	input_loss=0.0	output_loss=6.519e+04	total_loss=6.519e+04	time=0.0
iter=100	input_loss=1.245e+03	output_loss=8.368e+03	total_loss=8.493e+03	time=15.25
iter=200	input_loss=947.0	output_loss=7.178e+03	total_loss=7.273e+03	time=15.24
iter=300	input_loss=926.0	output_loss=7.049e+03	total_loss=7.142e+03	time=15.25
iter=400	input_loss=864.0	output_loss=9.622e+03	total_loss=9.708e+03	time=15.25
iter=500	input_loss=854.0	output_loss=6.668e+03	total_loss=6.754e+03	time=15.25
iter=600	input_loss=883.0	output_loss=7.622e+03	total_loss=7.711e+03	time=15.24
iter=700	input_loss=931.0	output_loss=7.729e+03	total_loss=7.822e+03	time=18.31
iter=800	input_loss=954.0	output_loss=7.046e+03	total_loss=7.142e+03	time=15.25
iter=900	input_loss=940.0	output_loss=6.713e+03	total_loss=6.807e+03	time=15.25
iter=F	input_loss=916.0	output_loss=6.485e+03	total_loss=6.577e+03	time=154.3
Last iteration with update:  692
Dots generation for genome location: chr5:97955840-99266560
Model in train mode: False
Gradients enabled for weights - slice 0: True
Weights shape - slice 0: torch.Size([1, 4, 2048])
Gradients enabled for weights - slice 1: True
Weights shape - slice 1: torch.Size([1, 4, 2048])
Local loss applied.
iter=I	input_loss=0.0	output_loss=6.498e+04	total_loss=6.498e+04	time=0.0
iter=100	input_loss=1.11e+03	output_loss=1.268e+04	total_loss=1.279e+04	time=15.25
iter=200	input_loss=1.044e+03	output_loss=1.07e+04	total_loss=1.08e+04	time=15.24
iter=300	input_loss=1.02e+03	output_loss=1.066e+04	total_loss=1.077e+04	time=15.25
iter=400	input_loss=1.051e+03	output_loss=1.024e+04	total_loss=1.035e+04	time=15.25
iter=500	input_loss=1.032e+03	output_loss=1.034e+04	total_loss=1.044e+04	time=15.24
iter=600	input_loss=1.048e+03	output_loss=1.134e+04	total_loss=1.145e+04	time=15.24
iter=700	input_loss=1.057e+03	output_loss=1.053e+04	total_loss=1.064e+04	time=15.25
iter=800	input_loss=1.07e+03	output_loss=1.004e+04	total_loss=1.015e+04	time=15.25
iter=900	input_loss=1.07e+03	output_loss=1.041e+04	total_loss=1.052e+04	time=15.24
iter=1000	input_loss=1.068e+03	output_loss=1.026e+04	total_loss=1.036e+04	time=15.24
iter=1100	input_loss=1.021e+03	output_loss=9.815e+03	total_loss=9.917e+03	time=15.25
iter=1200	input_loss=1.076e+03	output_loss=9.883e+03	total_loss=9.991e+03	time=15.26
iter=1300	input_loss=1.054e+03	output_loss=1.015e+04	total_loss=1.026e+04	time=15.25
iter=1400	input_loss=1.074e+03	output_loss=1.007e+04	total_loss=1.018e+04	time=15.25
iter=F	input_loss=1.03e+03	output_loss=9.775e+03	total_loss=9.878e+03	time=213.7
Last iteration with update:  1102
Dots generation for genome location: chr5:98772992-100083712
Model in train mode: False
Gradients enabled for weights - slice 0: True
Weights shape - slice 0: torch.Size([1, 4, 2048])
Gradients enabled for weights - slice 1: True
Weights shape - slice 1: torch.Size([1, 4, 2048])
Local loss applied.
iter=I	input_loss=0.0	output_loss=6.468e+04	total_loss=6.468e+04	time=0.0
iter=100	input_loss=1.01e+03	output_loss=1.554e+04	total_loss=1.565e+04	time=15.25
iter=200	input_loss=789.0	output_loss=1.095e+04	total_loss=1.103e+04	time=15.25
iter=300	input_loss=795.0	output_loss=1.04e+04	total_loss=1.048e+04	time=15.24
iter=400	input_loss=849.0	output_loss=1.043e+04	total_loss=1.052e+04	time=15.24
iter=500	input_loss=869.0	output_loss=1.033e+04	total_loss=1.042e+04	time=15.24
iter=600	input_loss=884.0	output_loss=1.035e+04	total_loss=1.044e+04	time=15.24
iter=700	input_loss=893.0	output_loss=1.107e+04	total_loss=1.116e+04	time=15.24
iter=800	input_loss=924.0	output_loss=1.046e+04	total_loss=1.055e+04	time=15.24
iter=900	input_loss=916.0	output_loss=1.032e+04	total_loss=1.041e+04	time=15.25
iter=F	input_loss=868.0	output_loss=1.016e+04	total_loss=1.025e+04	time=146.5
Last iteration with update:  661
Dots generation for genome location: chr6:61061120-62371840
Model in train mode: False
Gradients enabled for weights - slice 0: True
Weights shape - slice 0: torch.Size([1, 4, 2048])
Gradients enabled for weights - slice 1: True
Weights shape - slice 1: torch.Size([1, 4, 2048])
Local loss applied.
iter=I	input_loss=0.0	output_loss=6.518e+04	total_loss=6.518e+04	time=0.0
iter=100	input_loss=878.0	output_loss=1.46e+04	total_loss=1.469e+04	time=15.24
iter=200	input_loss=854.0	output_loss=1.167e+04	total_loss=1.176e+04	time=15.25
iter=300	input_loss=856.0	output_loss=1.105e+04	total_loss=1.113e+04	time=15.25
iter=400	input_loss=909.0	output_loss=1.124e+04	total_loss=1.133e+04	time=15.25
iter=500	input_loss=959.0	output_loss=1.053e+04	total_loss=1.062e+04	time=15.25
iter=600	input_loss=929.0	output_loss=1.267e+04	total_loss=1.276e+04	time=15.25
iter=700	input_loss=947.0	output_loss=1.008e+04	total_loss=1.017e+04	time=15.26
iter=800	input_loss=956.0	output_loss=9.583e+03	total_loss=9.678e+03	time=15.25
iter=900	input_loss=953.0	output_loss=1.241e+04	total_loss=1.251e+04	time=15.25
iter=1000	input_loss=985.0	output_loss=1e+04	total_loss=1.01e+04	time=15.25
iter=1100	input_loss=1.121e+03	output_loss=1.045e+04	total_loss=1.057e+04	time=15.25
iter=F	input_loss=952.0	output_loss=9.399e+03	total_loss=9.494e+03	time=169.9
Last iteration with update:  814
Dots generation for genome location: chr6:65536000-66846720
Model in train mode: False
Gradients enabled for weights - slice 0: True
Weights shape - slice 0: torch.Size([1, 4, 2048])
Gradients enabled for weights - slice 1: True
Weights shape - slice 1: torch.Size([1, 4, 2048])
Local loss applied.
iter=I	input_loss=0.0	output_loss=6.536e+04	total_loss=6.536e+04	time=0.0
iter=100	input_loss=815.0	output_loss=2.737e+03	total_loss=2.819e+03	time=15.25
iter=200	input_loss=734.0	output_loss=2.091e+03	total_loss=2.164e+03	time=15.24
iter=300	input_loss=778.0	output_loss=1.948e+03	total_loss=2.026e+03	time=15.25
iter=400	input_loss=747.0	output_loss=2.152e+03	total_loss=2.227e+03	time=15.24
iter=500	input_loss=804.0	output_loss=1.868e+03	total_loss=1.949e+03	time=15.24
iter=600	input_loss=833.0	output_loss=1.882e+03	total_loss=1.966e+03	time=15.24
iter=700	input_loss=895.0	output_loss=2.271e+03	total_loss=2.36e+03	time=15.25
iter=800	input_loss=909.0	output_loss=1.821e+03	total_loss=1.912e+03	time=15.25
iter=900	input_loss=924.0	output_loss=1.932e+03	total_loss=2.024e+03	time=15.25
iter=1000	input_loss=953.0	output_loss=1.745e+03	total_loss=1.841e+03	time=15.25
iter=1100	input_loss=965.0	output_loss=1.612e+03	total_loss=1.709e+03	time=15.25
iter=1200	input_loss=946.0	output_loss=1.575e+03	total_loss=1.669e+03	time=15.25
iter=1300	input_loss=1e+03	output_loss=1.564e+03	total_loss=1.664e+03	time=15.25
iter=1400	input_loss=994.0	output_loss=1.665e+03	total_loss=1.764e+03	time=15.25
iter=1500	input_loss=1.044e+03	output_loss=1.662e+03	total_loss=1.766e+03	time=15.26
iter=1600	input_loss=1.01e+03	output_loss=1.922e+03	total_loss=2.023e+03	time=15.26
iter=F	input_loss=1.004e+03	output_loss=1.496e+03	total_loss=1.596e+03	time=249.9
Last iteration with update:  1339
Dots generation for genome location: chrX:46925824-48236544
Model in train mode: False
Gradients enabled for weights - slice 0: True
Weights shape - slice 0: torch.Size([1, 4, 2048])
Gradients enabled for weights - slice 1: True
Weights shape - slice 1: torch.Size([1, 4, 2048])
Local loss applied.
iter=I	input_loss=0.0	output_loss=6.522e+04	total_loss=6.522e+04	time=0.0
iter=100	input_loss=1.078e+03	output_loss=8.315e+03	total_loss=8.422e+03	time=15.26
iter=200	input_loss=821.0	output_loss=8.662e+03	total_loss=8.744e+03	time=15.25
iter=300	input_loss=808.0	output_loss=7.183e+03	total_loss=7.263e+03	time=15.25
iter=400	input_loss=792.0	output_loss=6.948e+03	total_loss=7.027e+03	time=15.25
iter=500	input_loss=824.0	output_loss=6.518e+03	total_loss=6.601e+03	time=15.25
iter=600	input_loss=843.0	output_loss=6.61e+03	total_loss=6.695e+03	time=15.25
iter=700	input_loss=855.0	output_loss=7.095e+03	total_loss=7.18e+03	time=15.25
iter=800	input_loss=831.0	output_loss=6.465e+03	total_loss=6.548e+03	time=15.26
iter=900	input_loss=939.0	output_loss=7.388e+03	total_loss=7.482e+03	time=15.25
iter=1000	input_loss=953.0	output_loss=6.38e+03	total_loss=6.475e+03	time=15.25
iter=1100	input_loss=948.0	output_loss=6.428e+03	total_loss=6.523e+03	time=15.26
iter=F	input_loss=852.0	output_loss=6.166e+03	total_loss=6.251e+03	time=173.7
Last iteration with update:  839
Dots generation for genome location: chrX:48441344-49752064
Model in train mode: False
Gradients enabled for weights - slice 0: True
Weights shape - slice 0: torch.Size([1, 4, 2048])
Gradients enabled for weights - slice 1: True
Weights shape - slice 1: torch.Size([1, 4, 2048])
Local loss applied.
iter=I	input_loss=0.0	output_loss=6.527e+04	total_loss=6.527e+04	time=0.0
iter=100	input_loss=964.0	output_loss=1.418e+04	total_loss=1.427e+04	time=15.24
iter=200	input_loss=726.0	output_loss=2.578e+04	total_loss=2.585e+04	time=15.25
iter=300	input_loss=743.0	output_loss=1.158e+04	total_loss=1.165e+04	time=15.25
iter=400	input_loss=880.0	output_loss=9.323e+03	total_loss=9.411e+03	time=15.25
iter=500	input_loss=930.0	output_loss=8.445e+03	total_loss=8.538e+03	time=15.25
iter=600	input_loss=934.0	output_loss=3.135e+04	total_loss=3.144e+04	time=15.25
iter=700	input_loss=1.152e+03	output_loss=1.035e+04	total_loss=1.046e+04	time=15.25
iter=800	input_loss=1.077e+03	output_loss=8.684e+03	total_loss=8.791e+03	time=15.25
iter=F	input_loss=890.0	output_loss=8.086e+03	total_loss=8.175e+03	time=130.8
Last iteration with update:  558
Dots generation for genome location: chrX:60768256-62078976
Model in train mode: False
Gradients enabled for weights - slice 0: True
Weights shape - slice 0: torch.Size([1, 4, 2048])
Gradients enabled for weights - slice 1: True
Weights shape - slice 1: torch.Size([1, 4, 2048])
Local loss applied.
iter=I	input_loss=0.0	output_loss=6.481e+04	total_loss=6.481e+04	time=0.0
iter=100	input_loss=1.071e+03	output_loss=1.973e+03	total_loss=2.081e+03	time=15.27
iter=200	input_loss=952.0	output_loss=1.872e+03	total_loss=1.968e+03	time=15.25
iter=300	input_loss=922.0	output_loss=1.737e+03	total_loss=1.829e+03	time=15.36
iter=400	input_loss=942.0	output_loss=1.78e+03	total_loss=1.874e+03	time=15.28
iter=500	input_loss=934.0	output_loss=1.738e+03	total_loss=1.831e+03	time=15.26
iter=600	input_loss=966.0	output_loss=1.771e+03	total_loss=1.868e+03	time=15.25
iter=700	input_loss=975.0	output_loss=1.804e+03	total_loss=1.901e+03	time=15.26
iter=800	input_loss=981.0	output_loss=1.737e+03	total_loss=1.835e+03	time=15.26
iter=F	input_loss=952.0	output_loss=1.655e+03	total_loss=1.751e+03	time=124.8
Last iteration with update:  517
