==========================================
SLURM_JOB_ID = 2102214
SLURM_JOB_NODELIST = c03-01
TMPDIR = /tmp/SLURM_2102214
==========================================
Boundary generation for genome location: chr1:37799936-39110656
Model 0 in train mode: False
Model 1 in train mode: False
Model 2 in train mode: False
Model 3 in train mode: False
Gradients enabled for weights - slice 0: True
Weights shape - slice 0: torch.Size([1, 4, 2048])
Local loss applied.
iter=I	input_loss=0.0	output_loss=1.517e+05	total_loss=1.517e+05	time=0.0
iter=100	input_loss=615.0	output_loss=1.163e+05	total_loss=1.164e+05	time=409.7
iter=200	input_loss=906.0	output_loss=1.037e+05	total_loss=1.038e+05	time=363.7
iter=300	input_loss=909.0	output_loss=9.826e+04	total_loss=9.835e+04	time=366.3
iter=400	input_loss=936.0	output_loss=9.693e+04	total_loss=9.702e+04	time=362.5
iter=500	input_loss=930.0	output_loss=9.677e+04	total_loss=9.686e+04	time=381.0
iter=600	input_loss=945.0	output_loss=9.591e+04	total_loss=9.601e+04	time=387.3
iter=700	input_loss=961.0	output_loss=9.563e+04	total_loss=9.573e+04	time=377.5
iter=800	input_loss=944.0	output_loss=9.556e+04	total_loss=9.565e+04	time=386.5
iter=900	input_loss=926.0	output_loss=9.523e+04	total_loss=9.532e+04	time=402.6
iter=1000	input_loss=956.0	output_loss=9.485e+04	total_loss=9.495e+04	time=391.9
iter=1100	input_loss=949.0	output_loss=9.485e+04	total_loss=9.495e+04	time=380.5
iter=1200	input_loss=953.0	output_loss=9.446e+04	total_loss=9.456e+04	time=379.8
iter=1300	input_loss=969.0	output_loss=9.422e+04	total_loss=9.431e+04	time=371.6
iter=1400	input_loss=966.0	output_loss=9.362e+04	total_loss=9.372e+04	time=380.8
iter=1500	input_loss=961.0	output_loss=9.353e+04	total_loss=9.362e+04	time=377.8
iter=1600	input_loss=951.0	output_loss=9.356e+04	total_loss=9.365e+04	time=380.3
iter=1700	input_loss=961.0	output_loss=9.359e+04	total_loss=9.369e+04	time=392.3
iter=1800	input_loss=974.0	output_loss=9.351e+04	total_loss=9.361e+04	time=390.2
iter=1900	input_loss=946.0	output_loss=9.335e+04	total_loss=9.345e+04	time=382.4
iter=2000	input_loss=961.0	output_loss=9.33e+04	total_loss=9.339e+04	time=381.0
iter=F	input_loss=963.0	output_loss=9.321e+04	total_loss=9.331e+04	time=7.646e+03
Last iteration with update:  1980
Boundary generation for genome location: chr11:65677312-66988032
Model 0 in train mode: False
Model 1 in train mode: False
Model 2 in train mode: False
Model 3 in train mode: False
Gradients enabled for weights - slice 0: True
Weights shape - slice 0: torch.Size([1, 4, 2048])
Local loss applied.
iter=I	input_loss=0.0	output_loss=1.028e+05	total_loss=1.028e+05	time=0.0
iter=100	input_loss=742.0	output_loss=5.609e+04	total_loss=5.616e+04	time=368.4
iter=200	input_loss=754.0	output_loss=5.45e+04	total_loss=5.457e+04	time=383.2
iter=300	input_loss=776.0	output_loss=5.415e+04	total_loss=5.423e+04	time=376.6
iter=400	input_loss=805.0	output_loss=5.368e+04	total_loss=5.376e+04	time=389.4
iter=500	input_loss=804.0	output_loss=5.344e+04	total_loss=5.352e+04	time=391.8
iter=600	input_loss=821.0	output_loss=5.352e+04	total_loss=5.36e+04	time=386.2
iter=700	input_loss=815.0	output_loss=5.347e+04	total_loss=5.355e+04	time=388.3
iter=800	input_loss=829.0	output_loss=5.346e+04	total_loss=5.354e+04	time=388.7
iter=900	input_loss=814.0	output_loss=5.309e+04	total_loss=5.317e+04	time=386.2
iter=1000	input_loss=804.0	output_loss=5.377e+04	total_loss=5.385e+04	time=388.3
iter=1100	input_loss=808.0	output_loss=5.331e+04	total_loss=5.339e+04	time=392.1
iter=1200	input_loss=808.0	output_loss=5.33e+04	total_loss=5.338e+04	time=397.5
iter=1300	input_loss=840.0	output_loss=5.308e+04	total_loss=5.316e+04	time=375.4
iter=1400	input_loss=842.0	output_loss=5.303e+04	total_loss=5.311e+04	time=384.2
iter=1500	input_loss=846.0	output_loss=5.291e+04	total_loss=5.299e+04	time=388.1
iter=1600	input_loss=842.0	output_loss=5.306e+04	total_loss=5.314e+04	time=389.9
iter=1700	input_loss=853.0	output_loss=5.274e+04	total_loss=5.282e+04	time=392.7
iter=1800	input_loss=829.0	output_loss=5.291e+04	total_loss=5.299e+04	time=393.6
iter=1900	input_loss=849.0	output_loss=5.285e+04	total_loss=5.294e+04	time=385.2
iter=2000	input_loss=859.0	output_loss=5.26e+04	total_loss=5.269e+04	time=380.5
iter=F	input_loss=868.0	output_loss=5.255e+04	total_loss=5.263e+04	time=7.726e+03
Last iteration with update:  1958
Boundary generation for genome location: chr3:38524928-39835648
Model 0 in train mode: False
Model 1 in train mode: False
Model 2 in train mode: False
Model 3 in train mode: False
Gradients enabled for weights - slice 0: True
Weights shape - slice 0: torch.Size([1, 4, 2048])
Local loss applied.
iter=I	input_loss=0.0	output_loss=1.097e+05	total_loss=1.097e+05	time=0.0
iter=100	input_loss=725.0	output_loss=5.868e+04	total_loss=5.875e+04	time=367.7
iter=200	input_loss=776.0	output_loss=5.61e+04	total_loss=5.618e+04	time=382.2
iter=300	input_loss=798.0	output_loss=5.558e+04	total_loss=5.566e+04	time=376.1
iter=400	input_loss=814.0	output_loss=5.518e+04	total_loss=5.526e+04	time=387.7
iter=500	input_loss=816.0	output_loss=5.506e+04	total_loss=5.514e+04	time=381.5
iter=600	input_loss=808.0	output_loss=5.491e+04	total_loss=5.499e+04	time=381.9
iter=700	input_loss=817.0	output_loss=5.474e+04	total_loss=5.482e+04	time=380.6
iter=800	input_loss=800.0	output_loss=5.454e+04	total_loss=5.462e+04	time=378.9
iter=900	input_loss=798.0	output_loss=5.464e+04	total_loss=5.471e+04	time=385.1
iter=1000	input_loss=801.0	output_loss=5.456e+04	total_loss=5.464e+04	time=392.7
iter=1100	input_loss=778.0	output_loss=5.497e+04	total_loss=5.505e+04	time=402.9
iter=1200	input_loss=769.0	output_loss=5.489e+04	total_loss=5.497e+04	time=399.0
iter=1300	input_loss=772.0	output_loss=5.53e+04	total_loss=5.537e+04	time=393.1
iter=1400	input_loss=773.0	output_loss=5.512e+04	total_loss=5.519e+04	time=387.4
iter=1500	input_loss=766.0	output_loss=5.428e+04	total_loss=5.436e+04	time=371.3
iter=1600	input_loss=770.0	output_loss=5.384e+04	total_loss=5.392e+04	time=380.6
iter=1700	input_loss=746.0	output_loss=5.478e+04	total_loss=5.486e+04	time=388.9
iter=1800	input_loss=766.0	output_loss=5.436e+04	total_loss=5.444e+04	time=382.0
iter=1900	input_loss=780.0	output_loss=5.396e+04	total_loss=5.403e+04	time=386.1
iter=2000	input_loss=769.0	output_loss=5.417e+04	total_loss=5.425e+04	time=391.2
iter=F	input_loss=782.0	output_loss=5.358e+04	total_loss=5.366e+04	time=7.697e+03
Last iteration with update:  1980
