==========================================
SLURM_JOB_ID = 3022882
SLURM_JOB_NODELIST = b23-16
TMPDIR = /tmp/SLURM_3022882
==========================================
18:19:39  INFO  Device: cuda:0  |  Folds: [0, 1, 2, 3]  |  Run: results
18:19:39  INFO  Fountain strength: 0.5 (tag: pos0p5)
18:19:39  INFO  Ledidi params — L=0.01  tau=1.0  eps=0.0001
18:19:39  INFO  Model 0 loaded
18:19:39  INFO  Model 1 loaded
18:19:39  INFO  Model 2 loaded
18:19:39  INFO  Model 3 loaded
18:19:39  INFO  ============================================================
18:19:39  INFO  Fold 0
18:19:39  INFO  ============================================================
18:19:39  INFO  Loaded 24 windows from /project2/fudenber_735/smaruj/sequence_design/ledidi_semifreddo_akita/analysis/flat_regions/mouse_flat_regions_chrom_states_tsv/fold0_selected_genomic_windows_centered_chrom_states.tsv
18:19:39  INFO    [1/24]
/home1/smaruj/miniconda3/envs/pytorch_hic/lib/python3.10/site-packages/torch/nn/modules/conv.py:306: UserWarning: Applied workaround for CuDNN issue, install nvrtc.so (Triggered internally at ../aten/src/ATen/native/cudnn/Conv_v8.cpp:84.)
  return F.conv1d(input, weight, bias, self.stride,
18:29:25  INFO      chr11_65660928_66971648  |  Edits: 24745  |  Last accepted step: 1999
18:29:25  INFO      Saved → /project2/fudenber_735/smaruj/sequence_design/ledidi_semifreddo_akita/optimizations/fountains/results/fold0/chr11_65660928_66971648_gen_seq.pt
18:29:25  INFO    [2/24]
18:39:10  INFO      chr3_38438912_39749632  |  Edits: 26077  |  Last accepted step: 1999
18:39:10  INFO      Saved → /project2/fudenber_735/smaruj/sequence_design/ledidi_semifreddo_akita/optimizations/fountains/results/fold0/chr3_38438912_39749632_gen_seq.pt
18:39:10  INFO    [3/24]
18:48:55  INFO      chr3_99012608_100323328  |  Edits: 25571  |  Last accepted step: 1999
18:48:55  INFO      Saved → /project2/fudenber_735/smaruj/sequence_design/ledidi_semifreddo_akita/optimizations/fountains/results/fold0/chr3_99012608_100323328_gen_seq.pt
18:48:55  INFO    [4/24]
18:58:40  INFO      chr3_101859328_103170048  |  Edits: 29957  |  Last accepted step: 1999
18:58:40  INFO      Saved → /project2/fudenber_735/smaruj/sequence_design/ledidi_semifreddo_akita/optimizations/fountains/results/fold0/chr3_101859328_103170048_gen_seq.pt
18:58:40  INFO    [5/24]
19:08:24  INFO      chr3_152643584_153954304  |  Edits: 22061  |  Last accepted step: 1999
19:08:24  INFO      Saved → /project2/fudenber_735/smaruj/sequence_design/ledidi_semifreddo_akita/optimizations/fountains/results/fold0/chr3_152643584_153954304_gen_seq.pt
19:08:24  INFO    [6/24]
19:18:10  INFO      chr3_134297600_135608320  |  Edits: 29959  |  Last accepted step: 1999
19:18:10  INFO      Saved → /project2/fudenber_735/smaruj/sequence_design/ledidi_semifreddo_akita/optimizations/fountains/results/fold0/chr3_134297600_135608320_gen_seq.pt
19:18:10  INFO    [7/24]
19:27:55  INFO      chr3_51957760_53268480  |  Edits: 26735  |  Last accepted step: 1999
19:27:55  INFO      Saved → /project2/fudenber_735/smaruj/sequence_design/ledidi_semifreddo_akita/optimizations/fountains/results/fold0/chr3_51957760_53268480_gen_seq.pt
19:27:55  INFO    [8/24]
19:37:41  INFO      chr3_123033600_124344320  |  Edits: 29641  |  Last accepted step: 1999
19:37:41  INFO      Saved → /project2/fudenber_735/smaruj/sequence_design/ledidi_semifreddo_akita/optimizations/fountains/results/fold0/chr3_123033600_124344320_gen_seq.pt
19:37:41  INFO    [9/24]
19:47:27  INFO      chr3_129703936_131014656  |  Edits: 30114  |  Last accepted step: 1998
19:47:27  INFO      Saved → /project2/fudenber_735/smaruj/sequence_design/ledidi_semifreddo_akita/optimizations/fountains/results/fold0/chr3_129703936_131014656_gen_seq.pt
19:47:27  INFO    [10/24]
19:57:12  INFO      chr4_99602432_100913152  |  Edits: 29988  |  Last accepted step: 1999
19:57:12  INFO      Saved → /project2/fudenber_735/smaruj/sequence_design/ledidi_semifreddo_akita/optimizations/fountains/results/fold0/chr4_99602432_100913152_gen_seq.pt
19:57:12  INFO    [11/24]
20:06:58  INFO      chr4_104042496_105353216  |  Edits: 27481  |  Last accepted step: 1999
20:06:58  INFO      Saved → /project2/fudenber_735/smaruj/sequence_design/ledidi_semifreddo_akita/optimizations/fountains/results/fold0/chr4_104042496_105353216_gen_seq.pt
20:06:58  INFO    [12/24]
20:16:43  INFO      chr4_94752768_96063488  |  Edits: 29051  |  Last accepted step: 1999
20:16:43  INFO      Saved → /project2/fudenber_735/smaruj/sequence_design/ledidi_semifreddo_akita/optimizations/fountains/results/fold0/chr4_94752768_96063488_gen_seq.pt
20:16:43  INFO    [13/24]
20:26:29  INFO      chr5_96686080_97996800  |  Edits: 29392  |  Last accepted step: 1999
20:26:29  INFO      Saved → /project2/fudenber_735/smaruj/sequence_design/ledidi_semifreddo_akita/optimizations/fountains/results/fold0/chr5_96686080_97996800_gen_seq.pt
20:26:29  INFO    [14/24]
20:36:14  INFO      chr5_48883712_50194432  |  Edits: 29167  |  Last accepted step: 1999
20:36:14  INFO      Saved → /project2/fudenber_735/smaruj/sequence_design/ledidi_semifreddo_akita/optimizations/fountains/results/fold0/chr5_48883712_50194432_gen_seq.pt
20:36:14  INFO    [15/24]
20:46:00  INFO      chr5_36857856_38168576  |  Edits: 29485  |  Last accepted step: 1999
20:46:00  INFO      Saved → /project2/fudenber_735/smaruj/sequence_design/ledidi_semifreddo_akita/optimizations/fountains/results/fold0/chr5_36857856_38168576_gen_seq.pt
20:46:00  INFO    [16/24]
20:55:46  INFO      chr5_85071872_86382592  |  Edits: 29458  |  Last accepted step: 1999
20:55:46  INFO      Saved → /project2/fudenber_735/smaruj/sequence_design/ledidi_semifreddo_akita/optimizations/fountains/results/fold0/chr5_85071872_86382592_gen_seq.pt
20:55:46  INFO    [17/24]
21:05:32  INFO      chr5_45438976_46749696  |  Edits: 31623  |  Last accepted step: 1995
21:05:32  INFO      Saved → /project2/fudenber_735/smaruj/sequence_design/ledidi_semifreddo_akita/optimizations/fountains/results/fold0/chr5_45438976_46749696_gen_seq.pt
21:05:32  INFO    [18/24]
21:15:17  INFO      chr5_98762752_100073472  |  Edits: 29231  |  Last accepted step: 1999
21:15:17  INFO      Saved → /project2/fudenber_735/smaruj/sequence_design/ledidi_semifreddo_akita/optimizations/fountains/results/fold0/chr5_98762752_100073472_gen_seq.pt
21:15:17  INFO    [19/24]
21:25:03  INFO      chr5_97957888_99268608  |  Edits: 29791  |  Last accepted step: 1999
21:25:03  INFO      Saved → /project2/fudenber_735/smaruj/sequence_design/ledidi_semifreddo_akita/optimizations/fountains/results/fold0/chr5_97957888_99268608_gen_seq.pt
21:25:03  INFO    [20/24]
21:34:49  INFO      chr5_95954944_97265664  |  Edits: 30317  |  Last accepted step: 1999
21:34:49  INFO      Saved → /project2/fudenber_735/smaruj/sequence_design/ledidi_semifreddo_akita/optimizations/fountains/results/fold0/chr5_95954944_97265664_gen_seq.pt
21:34:49  INFO    [21/24]
21:44:34  INFO      chr5_44410880_45721600  |  Edits: 29223  |  Last accepted step: 1999
21:44:35  INFO      Saved → /project2/fudenber_735/smaruj/sequence_design/ledidi_semifreddo_akita/optimizations/fountains/results/fold0/chr5_44410880_45721600_gen_seq.pt
21:44:35  INFO    [22/24]
21:54:20  INFO      chrX_46927872_48238592  |  Edits: 28960  |  Last accepted step: 1999
21:54:20  INFO      Saved → /project2/fudenber_735/smaruj/sequence_design/ledidi_semifreddo_akita/optimizations/fountains/results/fold0/chrX_46927872_48238592_gen_seq.pt
21:54:20  INFO    [23/24]
22:04:06  INFO      chrX_60764160_62074880  |  Edits: 30077  |  Last accepted step: 1997
22:04:06  INFO      Saved → /project2/fudenber_735/smaruj/sequence_design/ledidi_semifreddo_akita/optimizations/fountains/results/fold0/chrX_60764160_62074880_gen_seq.pt
22:04:06  INFO    [24/24]
22:13:51  INFO      chrX_48441344_49752064  |  Edits: 29988  |  Last accepted step: 1996
22:13:51  INFO      Saved → /project2/fudenber_735/smaruj/sequence_design/ledidi_semifreddo_akita/optimizations/fountains/results/fold0/chrX_48441344_49752064_gen_seq.pt
22:13:51  INFO  Saved enriched table → /project2/fudenber_735/smaruj/sequence_design/ledidi_semifreddo_akita/optimizations/fountains/results/fold0_selected_genomic_windows_centered_chrom_states_opt.tsv
22:13:51  INFO  ============================================================
22:13:51  INFO  Fold 1
22:13:51  INFO  ============================================================
22:13:51  INFO  Loaded 45 windows from /project2/fudenber_735/smaruj/sequence_design/ledidi_semifreddo_akita/analysis/flat_regions/mouse_flat_regions_chrom_states_tsv/fold1_selected_genomic_windows_centered_chrom_states.tsv
22:13:51  INFO    [1/45]
22:23:37  INFO      chr1_161503232_162813952  |  Edits: 29752  |  Last accepted step: 1999
22:23:37  INFO      Saved → /project2/fudenber_735/smaruj/sequence_design/ledidi_semifreddo_akita/optimizations/fountains/results/fold1/chr1_161503232_162813952_gen_seq.pt
22:23:37  INFO    [2/45]
22:33:23  INFO      chr1_83329024_84639744  |  Edits: 29775  |  Last accepted step: 1999
22:33:23  INFO      Saved → /project2/fudenber_735/smaruj/sequence_design/ledidi_semifreddo_akita/optimizations/fountains/results/fold1/chr1_83329024_84639744_gen_seq.pt
22:33:23  INFO    [3/45]
22:43:08  INFO      chr1_188076032_189386752  |  Edits: 29868  |  Last accepted step: 1998
22:43:09  INFO      Saved → /project2/fudenber_735/smaruj/sequence_design/ledidi_semifreddo_akita/optimizations/fountains/results/fold1/chr1_188076032_189386752_gen_seq.pt
22:43:09  INFO    [4/45]
22:52:54  INFO      chr1_164077568_165388288  |  Edits: 30775  |  Last accepted step: 1999
22:52:54  INFO      Saved → /project2/fudenber_735/smaruj/sequence_design/ledidi_semifreddo_akita/optimizations/fountains/results/fold1/chr1_164077568_165388288_gen_seq.pt
22:52:54  INFO    [5/45]
23:02:40  INFO      chr1_68208640_69519360  |  Edits: 30664  |  Last accepted step: 1999
23:02:40  INFO      Saved → /project2/fudenber_735/smaruj/sequence_design/ledidi_semifreddo_akita/optimizations/fountains/results/fold1/chr1_68208640_69519360_gen_seq.pt
23:02:40  INFO    [6/45]
23:12:26  INFO      chr1_162967552_164278272  |  Edits: 30219  |  Last accepted step: 1999
23:12:26  INFO      Saved → /project2/fudenber_735/smaruj/sequence_design/ledidi_semifreddo_akita/optimizations/fountains/results/fold1/chr1_162967552_164278272_gen_seq.pt
23:12:26  INFO    [7/45]
23:22:12  INFO      chr1_50489344_51800064  |  Edits: 29981  |  Last accepted step: 1999
23:22:12  INFO      Saved → /project2/fudenber_735/smaruj/sequence_design/ledidi_semifreddo_akita/optimizations/fountains/results/fold1/chr1_50489344_51800064_gen_seq.pt
23:22:12  INFO    [8/45]
23:31:57  INFO      chr1_150116352_151427072  |  Edits: 30064  |  Last accepted step: 1999
23:31:57  INFO      Saved → /project2/fudenber_735/smaruj/sequence_design/ledidi_semifreddo_akita/optimizations/fountains/results/fold1/chr1_150116352_151427072_gen_seq.pt
23:31:57  INFO    [9/45]
23:41:43  INFO      chr1_149383168_150693888  |  Edits: 29348  |  Last accepted step: 1999
23:41:43  INFO      Saved → /project2/fudenber_735/smaruj/sequence_design/ledidi_semifreddo_akita/optimizations/fountains/results/fold1/chr1_149383168_150693888_gen_seq.pt
23:41:43  INFO    [10/45]
23:51:29  INFO      chr1_153839616_155150336  |  Edits: 29405  |  Last accepted step: 1999
23:51:29  INFO      Saved → /project2/fudenber_735/smaruj/sequence_design/ledidi_semifreddo_akita/optimizations/fountains/results/fold1/chr1_153839616_155150336_gen_seq.pt
23:51:29  INFO    [11/45]
00:01:15  INFO      chr1_64933888_66244608  |  Edits: 30751  |  Last accepted step: 1998
00:01:15  INFO      Saved → /project2/fudenber_735/smaruj/sequence_design/ledidi_semifreddo_akita/optimizations/fountains/results/fold1/chr1_64933888_66244608_gen_seq.pt
00:01:15  INFO    [12/45]
00:11:00  INFO      chr1_169746432_171057152  |  Edits: 29247  |  Last accepted step: 1999
00:11:00  INFO      Saved → /project2/fudenber_735/smaruj/sequence_design/ledidi_semifreddo_akita/optimizations/fountains/results/fold1/chr1_169746432_171057152_gen_seq.pt
00:11:00  INFO    [13/45]
00:20:46  INFO      chr1_157251584_158562304  |  Edits: 28322  |  Last accepted step: 1999
00:20:46  INFO      Saved → /project2/fudenber_735/smaruj/sequence_design/ledidi_semifreddo_akita/optimizations/fountains/results/fold1/chr1_157251584_158562304_gen_seq.pt
00:20:46  INFO    [14/45]
00:30:31  INFO      chr1_189710336_191021056  |  Edits: 29253  |  Last accepted step: 1999
00:30:31  INFO      Saved → /project2/fudenber_735/smaruj/sequence_design/ledidi_semifreddo_akita/optimizations/fountains/results/fold1/chr1_189710336_191021056_gen_seq.pt
00:30:31  INFO    [15/45]
00:40:17  INFO      chr1_72456192_73766912  |  Edits: 29392  |  Last accepted step: 1998
00:40:17  INFO      Saved → /project2/fudenber_735/smaruj/sequence_design/ledidi_semifreddo_akita/optimizations/fountains/results/fold1/chr1_72456192_73766912_gen_seq.pt
00:40:17  INFO    [16/45]
00:50:03  INFO      chr1_89726976_91037696  |  Edits: 29001  |  Last accepted step: 1999
00:50:03  INFO      Saved → /project2/fudenber_735/smaruj/sequence_design/ledidi_semifreddo_akita/optimizations/fountains/results/fold1/chr1_89726976_91037696_gen_seq.pt
00:50:03  INFO    [17/45]
00:59:48  INFO      chr1_159084544_160395264  |  Edits: 29438  |  Last accepted step: 1999
00:59:48  INFO      Saved → /project2/fudenber_735/smaruj/sequence_design/ledidi_semifreddo_akita/optimizations/fountains/results/fold1/chr1_159084544_160395264_gen_seq.pt
00:59:48  INFO    [18/45]
01:09:34  INFO      chr1_72783872_74094592  |  Edits: 28874  |  Last accepted step: 1999
01:09:34  INFO      Saved → /project2/fudenber_735/smaruj/sequence_design/ledidi_semifreddo_akita/optimizations/fountains/results/fold1/chr1_72783872_74094592_gen_seq.pt
01:09:34  INFO    [19/45]
01:19:20  INFO      chr1_71301120_72611840  |  Edits: 29848  |  Last accepted step: 1999
01:19:20  INFO      Saved → /project2/fudenber_735/smaruj/sequence_design/ledidi_semifreddo_akita/optimizations/fountains/results/fold1/chr1_71301120_72611840_gen_seq.pt
01:19:20  INFO    [20/45]
01:29:05  INFO      chr13_28827648_30138368  |  Edits: 28823  |  Last accepted step: 1999
01:29:05  INFO      Saved → /project2/fudenber_735/smaruj/sequence_design/ledidi_semifreddo_akita/optimizations/fountains/results/fold1/chr13_28827648_30138368_gen_seq.pt
01:29:05  INFO    [21/45]
01:38:51  INFO      chr13_27928576_29239296  |  Edits: 28535  |  Last accepted step: 1999
01:38:51  INFO      Saved → /project2/fudenber_735/smaruj/sequence_design/ledidi_semifreddo_akita/optimizations/fountains/results/fold1/chr13_27928576_29239296_gen_seq.pt
01:38:51  INFO    [22/45]
01:48:36  INFO      chr13_31397888_32708608  |  Edits: 29103  |  Last accepted step: 1999
01:48:36  INFO      Saved → /project2/fudenber_735/smaruj/sequence_design/ledidi_semifreddo_akita/optimizations/fountains/results/fold1/chr13_31397888_32708608_gen_seq.pt
01:48:36  INFO    [23/45]
01:58:22  INFO      chr13_30734336_32045056  |  Edits: 29499  |  Last accepted step: 1999
01:58:22  INFO      Saved → /project2/fudenber_735/smaruj/sequence_design/ledidi_semifreddo_akita/optimizations/fountains/results/fold1/chr13_30734336_32045056_gen_seq.pt
01:58:22  INFO    [24/45]
02:08:08  INFO      chr14_122042368_123353088  |  Edits: 29571  |  Last accepted step: 1999
02:08:08  INFO      Saved → /project2/fudenber_735/smaruj/sequence_design/ledidi_semifreddo_akita/optimizations/fountains/results/fold1/chr14_122042368_123353088_gen_seq.pt
02:08:08  INFO    [25/45]
02:17:54  INFO      chr14_116908032_118218752  |  Edits: 30304  |  Last accepted step: 1999
02:17:54  INFO      Saved → /project2/fudenber_735/smaruj/sequence_design/ledidi_semifreddo_akita/optimizations/fountains/results/fold1/chr14_116908032_118218752_gen_seq.pt
02:17:54  INFO    [26/45]
02:27:39  INFO      chr14_119056384_120367104  |  Edits: 28112  |  Last accepted step: 1999
02:27:39  INFO      Saved → /project2/fudenber_735/smaruj/sequence_design/ledidi_semifreddo_akita/optimizations/fountains/results/fold1/chr14_119056384_120367104_gen_seq.pt
02:27:39  INFO    [27/45]
02:37:24  INFO      chr14_57751552_59062272  |  Edits: 28712  |  Last accepted step: 1998
02:37:24  INFO      Saved → /project2/fudenber_735/smaruj/sequence_design/ledidi_semifreddo_akita/optimizations/fountains/results/fold1/chr14_57751552_59062272_gen_seq.pt
02:37:24  INFO    [28/45]
02:47:10  INFO      chr16_5492736_6803456  |  Edits: 27089  |  Last accepted step: 1999
02:47:10  INFO      Saved → /project2/fudenber_735/smaruj/sequence_design/ledidi_semifreddo_akita/optimizations/fountains/results/fold1/chr16_5492736_6803456_gen_seq.pt
02:47:10  INFO    [29/45]
02:56:55  INFO      chr16_14254080_15564800  |  Edits: 29032  |  Last accepted step: 1998
02:56:55  INFO      Saved → /project2/fudenber_735/smaruj/sequence_design/ledidi_semifreddo_akita/optimizations/fountains/results/fold1/chr16_14254080_15564800_gen_seq.pt
02:56:55  INFO    [30/45]
03:06:40  INFO      chr16_7565312_8876032  |  Edits: 28576  |  Last accepted step: 1999
03:06:40  INFO      Saved → /project2/fudenber_735/smaruj/sequence_design/ledidi_semifreddo_akita/optimizations/fountains/results/fold1/chr16_7565312_8876032_gen_seq.pt
03:06:40  INFO    [31/45]
03:16:26  INFO      chr19_22059008_23369728  |  Edits: 29378  |  Last accepted step: 1999
03:16:26  INFO      Saved → /project2/fudenber_735/smaruj/sequence_design/ledidi_semifreddo_akita/optimizations/fountains/results/fold1/chr19_22059008_23369728_gen_seq.pt
03:16:26  INFO    [32/45]
03:26:12  INFO      chr19_17534976_18845696  |  Edits: 29499  |  Last accepted step: 1998
03:26:12  INFO      Saved → /project2/fudenber_735/smaruj/sequence_design/ledidi_semifreddo_akita/optimizations/fountains/results/fold1/chr19_17534976_18845696_gen_seq.pt
03:26:12  INFO    [33/45]
03:35:57  INFO      chr3_26220544_27531264  |  Edits: 29147  |  Last accepted step: 1999
03:35:57  INFO      Saved → /project2/fudenber_735/smaruj/sequence_design/ledidi_semifreddo_akita/optimizations/fountains/results/fold1/chr3_26220544_27531264_gen_seq.pt
03:35:57  INFO    [34/45]
03:45:43  INFO      chr5_105562112_106872832  |  Edits: 30139  |  Last accepted step: 1999
03:45:43  INFO      Saved → /project2/fudenber_735/smaruj/sequence_design/ledidi_semifreddo_akita/optimizations/fountains/results/fold1/chr5_105562112_106872832_gen_seq.pt
03:45:43  INFO    [35/45]
03:55:29  INFO      chr6_144076800_145387520  |  Edits: 29634  |  Last accepted step: 1998
03:55:29  INFO      Saved → /project2/fudenber_735/smaruj/sequence_design/ledidi_semifreddo_akita/optimizations/fountains/results/fold1/chr6_144076800_145387520_gen_seq.pt
03:55:29  INFO    [36/45]
04:05:14  INFO      chr6_140460032_141770752  |  Edits: 28112  |  Last accepted step: 1999
04:05:14  INFO      Saved → /project2/fudenber_735/smaruj/sequence_design/ledidi_semifreddo_akita/optimizations/fountains/results/fold1/chr6_140460032_141770752_gen_seq.pt
04:05:14  INFO    [37/45]
04:15:00  INFO      chr7_124409856_125720576  |  Edits: 28547  |  Last accepted step: 1999
04:15:00  INFO      Saved → /project2/fudenber_735/smaruj/sequence_design/ledidi_semifreddo_akita/optimizations/fountains/results/fold1/chr7_124409856_125720576_gen_seq.pt
04:15:00  INFO    [38/45]
04:24:45  INFO      chr7_135999488_137310208  |  Edits: 27311  |  Last accepted step: 1999
04:24:45  INFO      Saved → /project2/fudenber_735/smaruj/sequence_design/ledidi_semifreddo_akita/optimizations/fountains/results/fold1/chr7_135999488_137310208_gen_seq.pt
04:24:45  INFO    [39/45]
04:34:31  INFO      chr7_91731968_93042688  |  Edits: 30662  |  Last accepted step: 1999
04:34:31  INFO      Saved → /project2/fudenber_735/smaruj/sequence_design/ledidi_semifreddo_akita/optimizations/fountains/results/fold1/chr7_91731968_93042688_gen_seq.pt
04:34:31  INFO    [40/45]
04:44:16  INFO      chr7_49819648_51130368  |  Edits: 28236  |  Last accepted step: 1998
04:44:16  INFO      Saved → /project2/fudenber_735/smaruj/sequence_design/ledidi_semifreddo_akita/optimizations/fountains/results/fold1/chr7_49819648_51130368_gen_seq.pt
04:44:16  INFO    [41/45]
04:54:02  INFO      chr7_116891648_118202368  |  Edits: 29370  |  Last accepted step: 1998
04:54:02  INFO      Saved → /project2/fudenber_735/smaruj/sequence_design/ledidi_semifreddo_akita/optimizations/fountains/results/fold1/chr7_116891648_118202368_gen_seq.pt
04:54:02  INFO    [42/45]
05:03:47  INFO      chr7_116506624_117817344  |  Edits: 28434  |  Last accepted step: 1999
05:03:47  INFO      Saved → /project2/fudenber_735/smaruj/sequence_design/ledidi_semifreddo_akita/optimizations/fountains/results/fold1/chr7_116506624_117817344_gen_seq.pt
05:03:47  INFO    [43/45]
05:13:33  INFO      chr7_114960384_116271104  |  Edits: 29301  |  Last accepted step: 1999
05:13:33  INFO      Saved → /project2/fudenber_735/smaruj/sequence_design/ledidi_semifreddo_akita/optimizations/fountains/results/fold1/chr7_114960384_116271104_gen_seq.pt
05:13:33  INFO    [44/45]
05:23:19  INFO      chr7_139735040_141045760  |  Edits: 30671  |  Last accepted step: 1999
05:23:19  INFO      Saved → /project2/fudenber_735/smaruj/sequence_design/ledidi_semifreddo_akita/optimizations/fountains/results/fold1/chr7_139735040_141045760_gen_seq.pt
05:23:19  INFO    [45/45]
05:33:04  INFO      chr8_10076160_11386880  |  Edits: 29774  |  Last accepted step: 1999
05:33:04  INFO      Saved → /project2/fudenber_735/smaruj/sequence_design/ledidi_semifreddo_akita/optimizations/fountains/results/fold1/chr8_10076160_11386880_gen_seq.pt
05:33:04  INFO  Saved enriched table → /project2/fudenber_735/smaruj/sequence_design/ledidi_semifreddo_akita/optimizations/fountains/results/fold1_selected_genomic_windows_centered_chrom_states_opt.tsv
05:33:04  INFO  ============================================================
05:33:04  INFO  Fold 2
05:33:04  INFO  ============================================================
05:33:04  INFO  Loaded 50 windows from /project2/fudenber_735/smaruj/sequence_design/ledidi_semifreddo_akita/analysis/flat_regions/mouse_flat_regions_chrom_states_tsv/fold2_selected_genomic_windows_centered_chrom_states.tsv
05:33:04  INFO    [1/50]
05:42:50  INFO      chr1_111409152_112719872  |  Edits: 30579  |  Last accepted step: 1999
05:42:50  INFO      Saved → /project2/fudenber_735/smaruj/sequence_design/ledidi_semifreddo_akita/optimizations/fountains/results/fold2/chr1_111409152_112719872_gen_seq.pt
05:42:50  INFO    [2/50]
05:52:36  INFO      chr11_44623872_45934592  |  Edits: 28431  |  Last accepted step: 1999
05:52:36  INFO      Saved → /project2/fudenber_735/smaruj/sequence_design/ledidi_semifreddo_akita/optimizations/fountains/results/fold2/chr11_44623872_45934592_gen_seq.pt
05:52:36  INFO    [3/50]
06:02:21  INFO      chr11_55140352_56451072  |  Edits: 29036  |  Last accepted step: 1999
06:02:21  INFO      Saved → /project2/fudenber_735/smaruj/sequence_design/ledidi_semifreddo_akita/optimizations/fountains/results/fold2/chr11_55140352_56451072_gen_seq.pt
06:02:21  INFO    [4/50]
06:12:07  INFO      chr11_43423744_44734464  |  Edits: 29360  |  Last accepted step: 1999
06:12:07  INFO      Saved → /project2/fudenber_735/smaruj/sequence_design/ledidi_semifreddo_akita/optimizations/fountains/results/fold2/chr11_43423744_44734464_gen_seq.pt
06:12:07  INFO    [5/50]
06:21:53  INFO      chr14_12328960_13639680  |  Edits: 29764  |  Last accepted step: 1999
06:21:53  INFO      Saved → /project2/fudenber_735/smaruj/sequence_design/ledidi_semifreddo_akita/optimizations/fountains/results/fold2/chr14_12328960_13639680_gen_seq.pt
06:21:53  INFO    [6/50]
06:31:38  INFO      chr14_11202560_12513280  |  Edits: 27908  |  Last accepted step: 1999
06:31:38  INFO      Saved → /project2/fudenber_735/smaruj/sequence_design/ledidi_semifreddo_akita/optimizations/fountains/results/fold2/chr14_11202560_12513280_gen_seq.pt
06:31:38  INFO    [7/50]
06:41:24  INFO      chr14_17158144_18468864  |  Edits: 29198  |  Last accepted step: 1999
06:41:24  INFO      Saved → /project2/fudenber_735/smaruj/sequence_design/ledidi_semifreddo_akita/optimizations/fountains/results/fold2/chr14_17158144_18468864_gen_seq.pt
06:41:24  INFO    [8/50]
06:51:09  INFO      chr14_27326464_28637184  |  Edits: 27514  |  Last accepted step: 1999
06:51:09  INFO      Saved → /project2/fudenber_735/smaruj/sequence_design/ledidi_semifreddo_akita/optimizations/fountains/results/fold2/chr14_27326464_28637184_gen_seq.pt
06:51:09  INFO    [9/50]
07:00:54  INFO      chr14_34582528_35893248  |  Edits: 28110  |  Last accepted step: 1999
07:00:54  INFO      Saved → /project2/fudenber_735/smaruj/sequence_design/ledidi_semifreddo_akita/optimizations/fountains/results/fold2/chr14_34582528_35893248_gen_seq.pt
07:00:54  INFO    [10/50]
07:10:40  INFO      chr16_85583872_86894592  |  Edits: 29778  |  Last accepted step: 1999
07:10:40  INFO      Saved → /project2/fudenber_735/smaruj/sequence_design/ledidi_semifreddo_akita/optimizations/fountains/results/fold2/chr16_85583872_86894592_gen_seq.pt
07:10:40  INFO    [11/50]
07:20:26  INFO      chr16_87367680_88678400  |  Edits: 31339  |  Last accepted step: 1999
07:20:26  INFO      Saved → /project2/fudenber_735/smaruj/sequence_design/ledidi_semifreddo_akita/optimizations/fountains/results/fold2/chr16_87367680_88678400_gen_seq.pt
07:20:26  INFO    [12/50]
07:30:12  INFO      chr16_63903744_65214464  |  Edits: 29850  |  Last accepted step: 1999
07:30:12  INFO      Saved → /project2/fudenber_735/smaruj/sequence_design/ledidi_semifreddo_akita/optimizations/fountains/results/fold2/chr16_63903744_65214464_gen_seq.pt
07:30:12  INFO    [13/50]
07:39:58  INFO      chr16_84768768_86079488  |  Edits: 30463  |  Last accepted step: 1999
07:39:58  INFO      Saved → /project2/fudenber_735/smaruj/sequence_design/ledidi_semifreddo_akita/optimizations/fountains/results/fold2/chr16_84768768_86079488_gen_seq.pt
07:39:58  INFO    [14/50]
07:49:43  INFO      chr16_57280512_58591232  |  Edits: 30363  |  Last accepted step: 1997
07:49:44  INFO      Saved → /project2/fudenber_735/smaruj/sequence_design/ledidi_semifreddo_akita/optimizations/fountains/results/fold2/chr16_57280512_58591232_gen_seq.pt
07:49:44  INFO    [15/50]
07:59:29  INFO      chr16_88682496_89993216  |  Edits: 29757  |  Last accepted step: 1999
07:59:29  INFO      Saved → /project2/fudenber_735/smaruj/sequence_design/ledidi_semifreddo_akita/optimizations/fountains/results/fold2/chr16_88682496_89993216_gen_seq.pt
07:59:29  INFO    [16/50]
08:09:15  INFO      chr16_25071616_26382336  |  Edits: 30537  |  Last accepted step: 1999
08:09:15  INFO      Saved → /project2/fudenber_735/smaruj/sequence_design/ledidi_semifreddo_akita/optimizations/fountains/results/fold2/chr16_25071616_26382336_gen_seq.pt
08:09:15  INFO    [17/50]
08:19:01  INFO      chr16_41916416_43227136  |  Edits: 30118  |  Last accepted step: 1999
08:19:01  INFO      Saved → /project2/fudenber_735/smaruj/sequence_design/ledidi_semifreddo_akita/optimizations/fountains/results/fold2/chr16_41916416_43227136_gen_seq.pt
08:19:01  INFO    [18/50]
08:28:46  INFO      chr16_23506944_24817664  |  Edits: 27103  |  Last accepted step: 1999
08:28:46  INFO      Saved → /project2/fudenber_735/smaruj/sequence_design/ledidi_semifreddo_akita/optimizations/fountains/results/fold2/chr16_23506944_24817664_gen_seq.pt
08:28:46  INFO    [19/50]
08:38:32  INFO      chr16_23066624_24377344  |  Edits: 30363  |  Last accepted step: 1999
08:38:32  INFO      Saved → /project2/fudenber_735/smaruj/sequence_design/ledidi_semifreddo_akita/optimizations/fountains/results/fold2/chr16_23066624_24377344_gen_seq.pt
08:38:32  INFO    [20/50]
08:48:18  INFO      chr16_28719104_30029824  |  Edits: 31024  |  Last accepted step: 1998
08:48:18  INFO      Saved → /project2/fudenber_735/smaruj/sequence_design/ledidi_semifreddo_akita/optimizations/fountains/results/fold2/chr16_28719104_30029824_gen_seq.pt
08:48:18  INFO    [21/50]
08:58:03  INFO      chr16_92237824_93548544  |  Edits: 29229  |  Last accepted step: 1999
08:58:04  INFO      Saved → /project2/fudenber_735/smaruj/sequence_design/ledidi_semifreddo_akita/optimizations/fountains/results/fold2/chr16_92237824_93548544_gen_seq.pt
08:58:04  INFO    [22/50]
09:07:49  INFO      chr17_29622272_30932992  |  Edits: 30321  |  Last accepted step: 1999
09:07:49  INFO      Saved → /project2/fudenber_735/smaruj/sequence_design/ledidi_semifreddo_akita/optimizations/fountains/results/fold2/chr17_29622272_30932992_gen_seq.pt
09:07:49  INFO    [23/50]
09:17:35  INFO      chr18_72724480_74035200  |  Edits: 29914  |  Last accepted step: 1999
09:17:35  INFO      Saved → /project2/fudenber_735/smaruj/sequence_design/ledidi_semifreddo_akita/optimizations/fountains/results/fold2/chr18_72724480_74035200_gen_seq.pt
09:17:35  INFO    [24/50]
09:27:20  INFO      chr18_68055040_69365760  |  Edits: 27882  |  Last accepted step: 1999
09:27:20  INFO      Saved → /project2/fudenber_735/smaruj/sequence_design/ledidi_semifreddo_akita/optimizations/fountains/results/fold2/chr18_68055040_69365760_gen_seq.pt
09:27:20  INFO    [25/50]
09:37:06  INFO      chr18_83675136_84985856  |  Edits: 30102  |  Last accepted step: 1999
09:37:06  INFO      Saved → /project2/fudenber_735/smaruj/sequence_design/ledidi_semifreddo_akita/optimizations/fountains/results/fold2/chr18_83675136_84985856_gen_seq.pt
09:37:06  INFO    [26/50]
09:46:52  INFO      chr18_66115584_67426304  |  Edits: 29965  |  Last accepted step: 1999
09:46:52  INFO      Saved → /project2/fudenber_735/smaruj/sequence_design/ledidi_semifreddo_akita/optimizations/fountains/results/fold2/chr18_66115584_67426304_gen_seq.pt
09:46:52  INFO    [27/50]
09:56:38  INFO      chr3_72777728_74088448  |  Edits: 31592  |  Last accepted step: 1997
09:56:38  INFO      Saved → /project2/fudenber_735/smaruj/sequence_design/ledidi_semifreddo_akita/optimizations/fountains/results/fold2/chr3_72777728_74088448_gen_seq.pt
09:56:38  INFO    [28/50]
10:06:23  INFO      chr3_69752832_71063552  |  Edits: 29808  |  Last accepted step: 1999
10:06:23  INFO      Saved → /project2/fudenber_735/smaruj/sequence_design/ledidi_semifreddo_akita/optimizations/fountains/results/fold2/chr3_69752832_71063552_gen_seq.pt
10:06:23  INFO    [29/50]
10:16:09  INFO      chr3_29612032_30922752  |  Edits: 29883  |  Last accepted step: 1999
10:16:09  INFO      Saved → /project2/fudenber_735/smaruj/sequence_design/ledidi_semifreddo_akita/optimizations/fountains/results/fold2/chr3_29612032_30922752_gen_seq.pt
10:16:09  INFO    [30/50]
10:25:55  INFO      chr6_77185024_78495744  |  Edits: 30658  |  Last accepted step: 1999
10:25:55  INFO      Saved → /project2/fudenber_735/smaruj/sequence_design/ledidi_semifreddo_akita/optimizations/fountains/results/fold2/chr6_77185024_78495744_gen_seq.pt
10:25:55  INFO    [31/50]
10:35:40  INFO      chr6_84111360_85422080  |  Edits: 28838  |  Last accepted step: 1999
10:35:40  INFO      Saved → /project2/fudenber_735/smaruj/sequence_design/ledidi_semifreddo_akita/optimizations/fountains/results/fold2/chr6_84111360_85422080_gen_seq.pt
10:35:40  INFO    [32/50]
10:45:26  INFO      chr6_102361088_103671808  |  Edits: 30337  |  Last accepted step: 1999
10:45:26  INFO      Saved → /project2/fudenber_735/smaruj/sequence_design/ledidi_semifreddo_akita/optimizations/fountains/results/fold2/chr6_102361088_103671808_gen_seq.pt
10:45:26  INFO    [33/50]
10:55:12  INFO      chr6_80904192_82214912  |  Edits: 29215  |  Last accepted step: 1999
10:55:12  INFO      Saved → /project2/fudenber_735/smaruj/sequence_design/ledidi_semifreddo_akita/optimizations/fountains/results/fold2/chr6_80904192_82214912_gen_seq.pt
10:55:12  INFO    [34/50]
11:04:57  INFO      chr6_102840320_104151040  |  Edits: 28712  |  Last accepted step: 1999
11:04:57  INFO      Saved → /project2/fudenber_735/smaruj/sequence_design/ledidi_semifreddo_akita/optimizations/fountains/results/fold2/chr6_102840320_104151040_gen_seq.pt
11:04:57  INFO    [35/50]
11:14:43  INFO      chr6_92557312_93868032  |  Edits: 28590  |  Last accepted step: 1997
11:14:43  INFO      Saved → /project2/fudenber_735/smaruj/sequence_design/ledidi_semifreddo_akita/optimizations/fountains/results/fold2/chr6_92557312_93868032_gen_seq.pt
11:14:43  INFO    [36/50]
11:24:28  INFO      chr6_98623488_99934208  |  Edits: 29082  |  Last accepted step: 1999
11:24:28  INFO      Saved → /project2/fudenber_735/smaruj/sequence_design/ledidi_semifreddo_akita/optimizations/fountains/results/fold2/chr6_98623488_99934208_gen_seq.pt
11:24:28  INFO    [37/50]
11:34:14  INFO      chr6_89485312_90796032  |  Edits: 30349  |  Last accepted step: 1999
11:34:14  INFO      Saved → /project2/fudenber_735/smaruj/sequence_design/ledidi_semifreddo_akita/optimizations/fountains/results/fold2/chr6_89485312_90796032_gen_seq.pt
11:34:14  INFO    [38/50]
11:43:59  INFO      chr6_99401728_100712448  |  Edits: 28860  |  Last accepted step: 1999
11:43:59  INFO      Saved → /project2/fudenber_735/smaruj/sequence_design/ledidi_semifreddo_akita/optimizations/fountains/results/fold2/chr6_99401728_100712448_gen_seq.pt
11:43:59  INFO    [39/50]
11:53:45  INFO      chr6_116744192_118054912  |  Edits: 30110  |  Last accepted step: 1999
11:53:45  INFO      Saved → /project2/fudenber_735/smaruj/sequence_design/ledidi_semifreddo_akita/optimizations/fountains/results/fold2/chr6_116744192_118054912_gen_seq.pt
11:53:45  INFO    [40/50]
12:03:31  INFO      chr7_69937152_71247872  |  Edits: 29455  |  Last accepted step: 1996
12:03:31  INFO      Saved → /project2/fudenber_735/smaruj/sequence_design/ledidi_semifreddo_akita/optimizations/fountains/results/fold2/chr7_69937152_71247872_gen_seq.pt
12:03:31  INFO    [41/50]
12:13:17  INFO      chr7_75444224_76754944  |  Edits: 30406  |  Last accepted step: 1999
12:13:17  INFO      Saved → /project2/fudenber_735/smaruj/sequence_design/ledidi_semifreddo_akita/optimizations/fountains/results/fold2/chr7_75444224_76754944_gen_seq.pt
12:13:17  INFO    [42/50]
12:23:02  INFO      chr7_72243200_73553920  |  Edits: 29420  |  Last accepted step: 1999
12:23:02  INFO      Saved → /project2/fudenber_735/smaruj/sequence_design/ledidi_semifreddo_akita/optimizations/fountains/results/fold2/chr7_72243200_73553920_gen_seq.pt
12:23:02  INFO    [43/50]
12:32:48  INFO      chr9_114851840_116162560  |  Edits: 29975  |  Last accepted step: 1999
12:32:48  INFO      Saved → /project2/fudenber_735/smaruj/sequence_design/ledidi_semifreddo_akita/optimizations/fountains/results/fold2/chr9_114851840_116162560_gen_seq.pt
12:32:48  INFO    [44/50]
12:42:34  INFO      chr9_94349312_95660032  |  Edits: 29544  |  Last accepted step: 1999
12:42:34  INFO      Saved → /project2/fudenber_735/smaruj/sequence_design/ledidi_semifreddo_akita/optimizations/fountains/results/fold2/chr9_94349312_95660032_gen_seq.pt
12:42:34  INFO    [45/50]
12:52:19  INFO      chr9_104138752_105449472  |  Edits: 28931  |  Last accepted step: 1999
12:52:19  INFO      Saved → /project2/fudenber_735/smaruj/sequence_design/ledidi_semifreddo_akita/optimizations/fountains/results/fold2/chr9_104138752_105449472_gen_seq.pt
12:52:19  INFO    [46/50]
13:02:05  INFO      chr9_100857856_102168576  |  Edits: 29984  |  Last accepted step: 1999
13:02:05  INFO      Saved → /project2/fudenber_735/smaruj/sequence_design/ledidi_semifreddo_akita/optimizations/fountains/results/fold2/chr9_100857856_102168576_gen_seq.pt
13:02:05  INFO    [47/50]
13:11:50  INFO      chr9_111050752_112361472  |  Edits: 28446  |  Last accepted step: 1999
13:11:50  INFO      Saved → /project2/fudenber_735/smaruj/sequence_design/ledidi_semifreddo_akita/optimizations/fountains/results/fold2/chr9_111050752_112361472_gen_seq.pt
13:11:50  INFO    [48/50]
13:21:36  INFO      chr9_96993280_98304000  |  Edits: 29025  |  Last accepted step: 1999
13:21:36  INFO      Saved → /project2/fudenber_735/smaruj/sequence_design/ledidi_semifreddo_akita/optimizations/fountains/results/fold2/chr9_96993280_98304000_gen_seq.pt
13:21:36  INFO    [49/50]
13:31:22  INFO      chr9_101351424_102662144  |  Edits: 28901  |  Last accepted step: 1999
13:31:22  INFO      Saved → /project2/fudenber_735/smaruj/sequence_design/ledidi_semifreddo_akita/optimizations/fountains/results/fold2/chr9_101351424_102662144_gen_seq.pt
13:31:22  INFO    [50/50]
13:41:07  INFO      chr9_99504128_100814848  |  Edits: 29496  |  Last accepted step: 1999
13:41:07  INFO      Saved → /project2/fudenber_735/smaruj/sequence_design/ledidi_semifreddo_akita/optimizations/fountains/results/fold2/chr9_99504128_100814848_gen_seq.pt
13:41:07  INFO  Saved enriched table → /project2/fudenber_735/smaruj/sequence_design/ledidi_semifreddo_akita/optimizations/fountains/results/fold2_selected_genomic_windows_centered_chrom_states_opt.tsv
13:41:07  INFO  ============================================================
13:41:07  INFO  Fold 3
13:41:07  INFO  ============================================================
13:41:07  INFO  Loaded 55 windows from /project2/fudenber_735/smaruj/sequence_design/ledidi_semifreddo_akita/analysis/flat_regions/mouse_flat_regions_chrom_states_tsv/fold3_selected_genomic_windows_centered_chrom_states.tsv
13:41:07  INFO    [1/55]
13:50:53  INFO      chr11_52291584_53602304  |  Edits: 29886  |  Last accepted step: 1999
13:50:53  INFO      Saved → /project2/fudenber_735/smaruj/sequence_design/ledidi_semifreddo_akita/optimizations/fountains/results/fold3/chr11_52291584_53602304_gen_seq.pt
13:50:53  INFO    [2/55]
14:00:39  INFO      chr12_14569472_15880192  |  Edits: 30617  |  Last accepted step: 1999
14:00:39  INFO      Saved → /project2/fudenber_735/smaruj/sequence_design/ledidi_semifreddo_akita/optimizations/fountains/results/fold3/chr12_14569472_15880192_gen_seq.pt
14:00:39  INFO    [3/55]
