==========================================
SLURM_JOB_ID = 2770518
SLURM_JOB_NODELIST = b23-20
TMPDIR = /tmp/SLURM_2770518
==========================================
/home1/smaruj/miniconda3/envs/pytorch_hic/lib/python3.10/site-packages/torch/nn/modules/conv.py:306: UserWarning: Applied workaround for CuDNN issue, install nvrtc.so (Triggered internally at ../aten/src/ATen/native/cudnn/Conv_v8.cpp:84.)
  return F.conv1d(input, weight, bias, self.stride,
Using device: cuda:0

[1/725] chr5:63203328-64514048  →  chr3:138672128-139982848
iter=I	input_loss=0.0	output_loss=2.675e+04	total_loss=2.675e+04	time=0.0
iter=100	input_loss=1.447e+05	output_loss=5.074e+03	total_loss=1.231e+04	time=12.09
iter=200	input_loss=1.314e+05	output_loss=4.647e+03	total_loss=1.122e+04	time=11.38
iter=300	input_loss=1.503e+05	output_loss=4.882e+03	total_loss=1.24e+04	time=11.39
iter=400	input_loss=1.69e+05	output_loss=4.635e+03	total_loss=1.308e+04	time=11.39
iter=500	input_loss=1.868e+05	output_loss=4.133e+03	total_loss=1.347e+04	time=11.4
iter=600	input_loss=2.013e+05	output_loss=5.028e+03	total_loss=1.509e+04	time=11.4
iter=700	input_loss=2.11e+05	output_loss=3.237e+03	total_loss=1.378e+04	time=11.4
iter=800	input_loss=2.191e+05	output_loss=3.454e+03	total_loss=1.441e+04	time=11.4
iter=900	input_loss=2.295e+05	output_loss=3.584e+03	total_loss=1.506e+04	time=11.41
iter=1000	input_loss=2.324e+05	output_loss=4.115e+03	total_loss=1.573e+04	time=11.41
iter=1100	input_loss=2.353e+05	output_loss=3.082e+03	total_loss=1.485e+04	time=11.41
iter=1200	input_loss=2.386e+05	output_loss=4.951e+03	total_loss=1.688e+04	time=11.41
iter=1300	input_loss=2.42e+05	output_loss=4.604e+03	total_loss=1.671e+04	time=11.41
iter=1400	input_loss=2.464e+05	output_loss=3.308e+03	total_loss=1.563e+04	time=11.41
iter=1500	input_loss=2.474e+05	output_loss=4.581e+03	total_loss=1.695e+04	time=11.41
iter=1600	input_loss=2.468e+05	output_loss=3.692e+03	total_loss=1.603e+04	time=11.41
iter=1700	input_loss=2.453e+05	output_loss=4.257e+03	total_loss=1.652e+04	time=11.42
iter=1800	input_loss=2.455e+05	output_loss=4.327e+03	total_loss=1.66e+04	time=11.42
iter=1900	input_loss=2.471e+05	output_loss=2.929e+03	total_loss=1.529e+04	time=11.41
iter=2000	input_loss=2.454e+05	output_loss=3.295e+03	total_loss=1.556e+04	time=11.42
iter=F	input_loss=1.288e+05	output_loss=3.25e+03	total_loss=9.692e+03	time=228.8

[2/725] chr3:138672128-139982848  →  chr5:43542528-44853248
iter=I	input_loss=0.0	output_loss=4.009e+04	total_loss=4.009e+04	time=0.0
iter=100	input_loss=1.414e+05	output_loss=6.018e+03	total_loss=1.309e+04	time=11.41
iter=200	input_loss=1.281e+05	output_loss=4.431e+03	total_loss=1.084e+04	time=11.42
iter=300	input_loss=1.466e+05	output_loss=4.906e+03	total_loss=1.223e+04	time=11.41
iter=400	input_loss=1.674e+05	output_loss=3.314e+03	total_loss=1.168e+04	time=11.41
iter=500	input_loss=1.866e+05	output_loss=4.359e+03	total_loss=1.369e+04	time=11.42
iter=600	input_loss=2.022e+05	output_loss=3.573e+03	total_loss=1.368e+04	time=11.41
iter=700	input_loss=2.177e+05	output_loss=4.371e+03	total_loss=1.526e+04	time=11.41
iter=800	input_loss=2.281e+05	output_loss=5.18e+03	total_loss=1.659e+04	time=11.42
iter=900	input_loss=2.337e+05	output_loss=4.277e+03	total_loss=1.596e+04	time=11.42
iter=1000	input_loss=2.382e+05	output_loss=4.526e+03	total_loss=1.644e+04	time=11.42
iter=1100	input_loss=2.432e+05	output_loss=3.606e+03	total_loss=1.577e+04	time=11.41
iter=1200	input_loss=2.454e+05	output_loss=3.72e+03	total_loss=1.599e+04	time=11.42
iter=1300	input_loss=2.462e+05	output_loss=3.809e+03	total_loss=1.612e+04	time=11.42
iter=1400	input_loss=2.48e+05	output_loss=5.828e+03	total_loss=1.823e+04	time=11.42
iter=1500	input_loss=2.499e+05	output_loss=4.414e+03	total_loss=1.691e+04	time=11.42
Traceback (most recent call last):
  File "/home1/smaruj/ledidi_akita/optimizations/genome_rewiring/generation/run_genome_rewiring.py", line 152, in <module>
    main()
  File "/home1/smaruj/ledidi_akita/optimizations/genome_rewiring/generation/run_genome_rewiring.py", line 119, in main
    generated_seq, history = ledidi(
  File "/home1/smaruj/ledidi/ledidi/ledidi.py", line 143, in ledidi
    X_bar_ = designer.fit_transform(X, y_bar_i)
  File "/home1/smaruj/ledidi/ledidi/ledidi.py", line 410, in fit_transform
    y_hat = self.model(X_hat)[:, self.target]
  File "/home1/smaruj/miniconda3/envs/pytorch_hic/lib/python3.10/site-packages/torch/nn/modules/module.py", line 1532, in _wrapped_call_impl
    return self._call_impl(*args, **kwargs)
  File "/home1/smaruj/miniconda3/envs/pytorch_hic/lib/python3.10/site-packages/torch/nn/modules/module.py", line 1541, in _call_impl
    return forward_call(*args, **kwargs)
  File "/home1/smaruj/pytorch_akita/akita_model/model.py", line 331, in forward
    x = self.residual2d_block6(x)
  File "/home1/smaruj/miniconda3/envs/pytorch_hic/lib/python3.10/site-packages/torch/nn/modules/module.py", line 1532, in _wrapped_call_impl
    return self._call_impl(*args, **kwargs)
  File "/home1/smaruj/miniconda3/envs/pytorch_hic/lib/python3.10/site-packages/torch/nn/modules/module.py", line 1541, in _call_impl
    return forward_call(*args, **kwargs)
  File "/home1/smaruj/pytorch_akita/akita_model/modules.py", line 642, in forward
    x = self.symmetrize(x)
  File "/home1/smaruj/miniconda3/envs/pytorch_hic/lib/python3.10/site-packages/torch/nn/modules/module.py", line 1532, in _wrapped_call_impl
    return self._call_impl(*args, **kwargs)
  File "/home1/smaruj/miniconda3/envs/pytorch_hic/lib/python3.10/site-packages/torch/nn/modules/module.py", line 1541, in _call_impl
    return forward_call(*args, **kwargs)
  File "/home1/smaruj/pytorch_akita/akita_model/modules.py", line 552, in forward
    x_sym = (x + x_t) / 2
torch.cuda.OutOfMemoryError: CUDA out of memory. Tried to allocate 126.00 MiB. GPU 
